============================= test session starts ==============================
platform darwin -- Python 3.9.13, pytest-8.4.2, pluggy-1.6.0
rootdir: /Users/samuel/repos/ml-switcheroo-compiler
configfile: pytest.ini
testpaths: tests, tests_js
plugins: anyio-4.12.1, mock-3.15.1, asyncio-1.2.0, cov-7.1.0, jaxtyping-0.2.36, hypothesis-6.141.1, xdist-3.8.0, json-report-1.5.0, timeout-2.4.0, metadata-3.1.1, respx-0.23.1, requests-mock-1.12.1
asyncio: mode=strict, debug=False, asyncio_default_fixture_loop_scope=None, asyncio_default_test_loop_scope=function
collected 8438 items

tests/backends/common/test_array_mixin.py .                              [  0%]
tests/backends/common/test_audio_utils.py ..                             [  0%]
tests/backends/common/test_backends_edge_cases.py ...                    [  0%]
tests/backends/common/test_common_mixin.py .                             [  0%]
tests/backends/common/test_control_flow_mixin.py ..                      [  0%]
tests/backends/common/test_cross_backend.py ........                     [  0%]
tests/backends/common/test_distributed_mixin.py .                        [  0%]
tests/backends/common/test_image_mixin.py .                              [  0%]
tests/backends/common/test_linalg_mixin.py ...                           [  0%]
tests/backends/common/test_variable_mixin.py .                           [  0%]
tests/backends/cuda/test_cuda.py ...                                     [  0%]
tests/backends/cupy/test_cupy_backend.py ......                          [  0%]
tests/backends/dask/test_dask_backend.py ....                            [  0%]
tests/backends/dask/test_dask_import_error.py .                          [  0%]
tests/backends/eager/test_audio.py .                                     [  0%]
tests/backends/eager/test_core_group_ops.py ..                           [  0%]
tests/backends/eager/test_core_math_ops.py ..                            [  0%]
tests/backends/eager/test_core_math_ops_auto.py .....                    [  0%]
tests/backends/eager/test_core_math_ops_auto2.py .                       [  0%]
tests/backends/eager/test_core_math_ops_auto3.py .                       [  0%]
tests/backends/eager/test_core_math_ops_control.py .                     [  0%]
tests/backends/eager/test_math_missing.py .                              [  0%]
tests/backends/eager/test_optimizers.py ....                             [  0%]
tests/backends/eager/test_random_ops.py ...                              [  0%]
tests/backends/eager/test_signal.py .                                    [  0%]
tests/backends/eager/test_utils.py ...                                   [  0%]
tests/backends/eager/test_vision_augmentation.py ......                  [  0%]
tests/backends/eager/test_vision_filtering.py ........                   [  0%]
tests/backends/eager/test_vision_transforms.py ...                       [  0%]
tests/backends/eager/test_vision_utils.py .                              [  0%]
tests/backends/edge/test_config_models.py ..                             [  0%]
tests/backends/edge/test_control_flow.py ....                            [  1%]
tests/backends/edge/test_export_coverage.py ............                 [  1%]
tests/backends/edge/test_mlir_bytecode.py .                              [  1%]
tests/backends/edge/test_onnx.py ................                        [  1%]
tests/backends/edge/test_stablehlo.py ...........                        [  1%]
tests/backends/edge/test_stablehlo_export.py .                           [  1%]
tests/backends/edge/test_wasm.py ....................                    [  1%]
tests/backends/edge/test_wasm_coverage.py .............                  [  1%]
tests/backends/edge/test_wasm_generator.py .                             [  1%]
tests/backends/edge/test_wasm_missing.py ......                          [  1%]
tests/backends/edge/test_wasm_strides.py ..                              [  2%]
tests/backends/edge/test_wasm_templates.py .                             [  2%]
tests/backends/edge/test_webgl.py ...                                    [  2%]
tests/backends/edge/test_webgpu.py ...................                   [  2%]
tests/backends/edge/test_webgpu_coverage.py ......                       [  2%]
tests/backends/edge/test_webgpu_webrtc.py ..                             [  2%]
tests/backends/edge/test_wgsl_ast.py ........                            [  2%]
tests/backends/edge/test_wgsl_generator.py .                             [  2%]
tests/backends/edge/test_wgsl_templates.py ...                           [  2%]
tests/backends/jax/eager/test_jax_eager.py .....                         [  2%]
tests/backends/jax/generator/test_jax_generator.py ..........            [  2%]
tests/backends/jax/test_jax_generator.py ............                    [  2%]
tests/backends/jax/test_jax_ragged_eager.py .                            [  2%]
tests/backends/jax/test_jax_types.py .                                   [  2%]
tests/backends/keras/test_keras_eager.py ..                              [  2%]
tests/backends/keras/test_keras_generator.py ........                    [  2%]
tests/backends/keras/test_keras_types.py .                               [  2%]
tests/backends/llvm_cpp/test_cpp_execution.py ..                         [  3%]
tests/backends/llvm_cpp/test_generator.py ..........                     [  3%]
tests/backends/llvm_cpp/test_generator_coverage.py .............         [  3%]
tests/backends/metal/test_metal.py .
