============================= test session starts ==============================
platform darwin -- Python 3.9.13, pytest-8.4.2, pluggy-1.6.0
rootdir: /Users/samuel/repos/ml-switcheroo-compiler
configfile: pytest.ini
testpaths: tests, tests_js
plugins: anyio-4.12.1, mock-3.15.1, asyncio-1.2.0, cov-7.1.0, jaxtyping-0.2.36, hypothesis-6.141.1, xdist-3.8.0, json-report-1.5.0, timeout-2.4.0, metadata-3.1.1, respx-0.23.1, requests-mock-1.12.1
asyncio: mode=strict, debug=False, asyncio_default_fixture_loop_scope=None, asyncio_default_test_loop_scope=function
collected 2963 items

tests/backends/common/test_array_mixin.py .                              [  0%]
tests/backends/common/test_audio_utils.py ..                             [  0%]
tests/backends/common/test_backends_edge_cases.py ...                    [  0%]
tests/backends/common/test_common_mixin.py .                             [  0%]
tests/backends/common/test_control_flow_mixin.py ..                      [  0%]
tests/backends/common/test_cross_backend.py ........                     [  0%]
tests/backends/common/test_image_mixin.py .                              [  0%]
tests/backends/common/test_linalg_mixin.py ...                           [  0%]
tests/backends/common/test_variable_mixin.py .                           [  0%]
tests/backends/cupy/test_cupy_backend.py .......                         [  0%]
tests/backends/dask/test_dask_backend.py ....                            [  1%]
tests/backends/eager/test_audio.py .                                     [  1%]
tests/backends/eager/test_core_group_ops.py ..                           [  1%]
tests/backends/eager/test_core_math_ops.py s.                            [  1%]
tests/backends/eager/test_core_math_ops_auto.py .....                    [  1%]
tests/backends/eager/test_core_math_ops_auto2.py .                       [  1%]
tests/backends/eager/test_core_math_ops_auto3.py .                       [  1%]
tests/backends/eager/test_core_math_ops_control.py .                     [  1%]
tests/backends/eager/test_optimizers.py ....                             [  1%]
tests/backends/eager/test_random_ops.py ...                              [  1%]
tests/backends/eager/test_signal.py .                                    [  1%]
tests/backends/eager/test_utils.py ...                                   [  1%]
tests/backends/eager/test_vision_augmentation.py ......                  [  2%]
tests/backends/eager/test_vision_filtering.py ........                   [  2%]
tests/backends/eager/test_vision_transforms.py ...                       [  2%]
tests/backends/eager/test_vision_utils.py .                              [  2%]
tests/backends/edge/test_export_coverage.py ............                 [  2%]
tests/backends/edge/test_onnx.py ............                            [  3%]
tests/backends/edge/test_stablehlo.py .........                          [  3%]
tests/backends/edge/test_stablehlo_export.py .                           [  3%]
tests/backends/edge/test_wasm.py ...............                         [  4%]
tests/backends/edge/test_wasm_coverage.py .........                      [  4%]
tests/backends/edge/test_wasm_strides.py ..                              [  4%]
tests/backends/edge/test_wasm_templates.py .                             [  4%]
tests/backends/edge/test_webgl.py .......                                [  4%]
tests/backends/edge/test_webgl_compute_size.py .                         [  4%]
tests/backends/edge/test_webgpu.py ..........                            [  5%]
tests/backends/edge/test_webgpu_coverage.py ....                         [  5%]
tests/backends/edge/test_wgsl_ast.py ........                            [  5%]
tests/backends/edge/test_wgsl_templates.py .                             [  5%]
tests/backends/jax/eager/test_jax_eager.py ....                          [  5%]
tests/backends/jax/generator/test_jax_generator.py ........              [  6%]
tests/backends/jax/test_jax_generator.py ............                    [  6%]
tests/backends/jax/test_jax_ragged_eager.py .                            [  6%]
tests/backends/jax/test_jax_types.py .                                   [  6%]
tests/backends/keras/test_keras_eager.py ..                              [  6%]
tests/backends/keras/test_keras_generator.py .......                     [  6%]
tests/backends/keras/test_keras_types.py .                               [  6%]
tests/backends/llvm_cpp/test_cpp_execution.py ..                         [  6%]
tests/backends/llvm_cpp/test_generator.py ..........                     [  7%]
tests/backends/llvm_cpp/test_generator_coverage.py .......               [  7%]
tests/backends/mlx/eager/test_mlx_conversion_fallback.py ..              [  7%]
tests/backends/mlx/eager/test_mlx_eager.py ..                            [  7%]
tests/backends/mlx/generator/test_mlx_generator.py .........             [  7%]
tests/backends/mlx/misc/test_mlx_types.py ..                             [  7%]
tests/backends/mlx/misc/test_parity.py ...                               [  8%]
tests/backends/mlx/test_mlx_eager.py .......                             [  8%]
tests/backends/mlx/test_mlx_generator.py .                               [  8%]
tests/backends/numpy/distributed/test_ipc.py ........                    [  8%]
tests/backends/numpy/eager/test_advanced_indexing.py .                   [  8%]
tests/backends/numpy/eager/test_control_flow.py .                        [  8%]
tests/backends/numpy/eager/test_custom_linear_solve.py .                 [  8%]
tests/backends/numpy/eager/test_distributed.py .....                     [  8%]
tests/backends/numpy/eager/test_distributed_simulator.py .               [  8%]
tests/backends/numpy/eager/test_distributed_unimplemented.py ..          [  9%]
tests/backends/numpy/eager/test_eager_edge_cases.py .................... [  9%]
........................................................................ [ 12%]
.............                                                            [ 12%]
tests/backends/numpy/eager/test_eager_lax.py .                           [ 12%]
tests/backends/numpy/eager/test_householder_fallback.py .                [ 12%]
tests/backends/numpy/eager/test_householder_product.py .                 [ 12%]
tests/backends/numpy/eager/test_io_ops.py ..................             [ 13%]
tests/backends/numpy/eager/test_linalg_advanced.py ..................... [ 13%]
.........                                                                [ 14%]
tests/backends/numpy/eager/test_loss_ops.py ..                           [ 14%]
tests/backends/numpy/eager/test_math_advanced.py ....                    [ 14%]
tests/backends/numpy/eager/test_math_binary.py .....                     [ 14%]
tests/backends/numpy/eager/test_math_special.py ..                       [ 14%]
tests/backends/numpy/eager/test_math_special_custom.py .                 [ 14%]
tests/backends/numpy/eager/test_math_special_distributions.py .......... [ 15%]
...                                                                      [ 15%]
tests/backends/numpy/eager/test_math_special_mock.py .                   [ 15%]
tests/backends/numpy/eager/test_math_special_unimplemented.py .......    [ 15%]
tests/backends/numpy/eager/test_math_stats.py .....                      [ 15%]
tests/backends/numpy/eager/test_nn_ops.py ...                            [ 15%]
tests/backends/numpy/eager/test_nn_polyfills.py ....................     [ 16%]
tests/backends/numpy/eager/test_numpy_eager_init.py .........            [ 16%]
tests/backends/numpy/eager/test_random_ops.py ..                         [ 16%]
tests/backends/numpy/eager/test_sparse.py ..                             [ 16%]
tests/backends/numpy/eager/test_sparse_and_ragged.py .                   [ 16%]
tests/backends/numpy/eager/test_strings.py ..                            [ 16%]
tests/backends/numpy/eager/test_variable_ops.py .                        [ 16%]
tests/backends/numpy/eager/test_vision_geometry.py ..                    [ 17%]
tests/backends/numpy/indexing/test_advanced_indexing.py ................ [ 17%]
......                                                                   [ 17%]
tests/backends/numpy/indexing/test_indexing.py ................          [ 18%]
tests/backends/numpy/indexing/test_indexing_parsing_utils.py ........    [ 18%]
tests/backends/numpy/linalg/test_linalg.py .                             [ 18%]
tests/backends/numpy/linalg/test_linalg_solvers.py ...............       [ 19%]
tests/backends/numpy/math/test_math_binary.py .                          [ 19%]
tests/backends/numpy/math/test_math_extended.py ..................       [ 19%]
tests/backends/numpy/math/test_math_fft.py .                             [ 19%]
tests/backends/numpy/math/test_math_logical.py ...........               [ 20%]
tests/backends/numpy/math/test_math_logical_reductions.py ..             [ 20%]
tests/backends/numpy/math/test_math_nan.py ..........                    [ 20%]
tests/backends/numpy/math/test_math_reductions.py ..............         [ 21%]
tests/backends/numpy/math/test_math_scatter.py ...........               [ 21%]
tests/backends/numpy/math/test_math_special.py ......................... [ 22%]
..............................                                           [ 23%]
tests/backends/numpy/math/test_math_special_auto.py .................... [ 23%]
........................................................................ [ 26%]
........................................................................ [ 28%]
........................................................................ [ 31%]
.............                                                            [ 31%]
tests/backends/numpy/math/test_math_special_batch_.py .                  [ 31%]
tests/backends/numpy/math/test_math_stats.py ...............             [ 32%]
tests/backends/numpy/math/test_math_unary_erf.py .                       [ 32%]
tests/backends/numpy/misc/test_distributed.py ......                     [ 32%]
tests/backends/numpy/misc/test_distributed_coverage.py ...               [ 32%]
tests/backends/numpy/misc/test_fft_ops.py ..............                 [ 33%]
tests/backends/numpy/misc/test_generator.py ......                       [ 33%]
tests/backends/numpy/misc/test_generator_edge_cases.py .                 [ 33%]
tests/backends/numpy/misc/test_lookups.py ....                           [ 33%]
tests/backends/numpy/misc/test_numpy_distributed_fallback.py .           [ 33%]
tests/backends/numpy/misc/test_numpy_mixins.py ...                       [ 33%]
tests/backends/numpy/misc/test_numpy_types.py .                          [ 33%]
tests/backends/numpy/misc/test_search_sort_ops.py ............           [ 33%]
tests/backends/numpy/misc/test_shape_ops.py ............................ [ 34%]
........                                                                 [ 35%]
tests/backends/numpy/misc/test_stats_and_complex.py .........            [ 35%]
tests/backends/numpy/misc/test_strings.py .....                          [ 35%]
tests/backends/numpy/misc/test_variable_ops.py .....                     [ 35%]
tests/backends/numpy/nn/test_activation_ops.py .......                   [ 36%]
tests/backends/numpy/nn/test_conv.py .....................               [ 36%]
tests/backends/numpy/nn/test_nn.py ..........                            [ 37%]
tests/backends/numpy/nn/test_window_reductions_edge_cases.py .           [ 37%]
tests/backends/numpy/test_generator.py ..                                [ 37%]
tests/backends/numpy/vision/test_vision.py ......                        [ 37%]
tests/backends/numpy/vision/test_vision_augmentation.py ................ [ 37%]
......                                                                   [ 38%]
tests/backends/numpy/vision/test_vision_color.py .                       [ 38%]
tests/backends/numpy/vision/test_vision_common.py ..                     [ 38%]
tests/backends/numpy/vision/test_vision_filtering.py .....               [ 38%]
tests/backends/numpy/vision/test_vision_filters.py ..                    [ 38%]
tests/backends/numpy/vision/test_vision_geometry.py .........            [ 38%]
tests/backends/numpy/vision/test_vision_transforms_edge_cases.py .       [ 38%]
tests/backends/pytorch/eager/test_distributed_simulator.py .             [ 38%]
tests/backends/pytorch/eager/test_pytorch_eager.py ..                    [ 38%]
tests/backends/pytorch/eager/test_pytorch_eager_edge_cases.py .          [ 38%]
tests/backends/pytorch/eager/test_pytorch_eager_edge_cases_2.py ....     [ 39%]
tests/backends/pytorch/eager/test_pytorch_eager_extended.py .            [ 39%]
tests/backends/pytorch/generator/test_pytorch_generator.py .....         [ 39%]
tests/backends/pytorch/misc/test_types.py ....                           [ 39%]
tests/backends/pytorch/test_ast_validation.py .                          [ 39%]
tests/backends/pytorch/test_pytorch_ragged_eager.py .                    [ 39%]
tests/backends/tensorflow/generator/test_tensorflow_generator.py .       [ 39%]
tests/backends/tensorflow/test_tensorflow_generator.py .......           [ 39%]
tests/backends/tensorflow/test_tensorflow_types.py .                     [ 39%]
tests/backends/tensorflow/test_tf_eager.py ..                            [ 39%]
tests/backends/test_ast_parsing.py ......                                [ 40%]
tests/backends/test_backend_registry.py ........                         [ 40%]
tests/backends/test_backend_utils.py ..                                  [ 40%]
tests/backends/test_base_generator.py ...................                [ 41%]
tests/backends/test_cst_transpiler.py ...............                    [ 41%]
tests/backends/test_eager_registry.py ...                                [ 41%]
tests/backends/test_edge.py ...........                                  [ 42%]
tests/backends/test_formatters.py .......                                [ 42%]
tests/backends/test_generators.py ...................................... [ 43%]
...........                                                              [ 43%]
tests/backends/test_type_mapper.py .                                     [ 43%]
tests/backends/test_visitor.py ..                                        [ 44%]
tests/control_flow/test_cond.py ..                                       [ 44%]
tests/control_flow/test_control_flow.py ......................           [ 44%]
tests/control_flow/test_map_fn.py ..                                     [ 44%]
tests/control_flow/test_scan.py ...                                      [ 45%]
tests/control_flow/test_scan_bind.py .                                   [ 45%]
tests/control_flow/test_while_loop.py ...                                [ 45%]
tests/core/advanced_tensors/test_advanced_tensors.py ...                 [ 45%]
tests/core/advanced_tensors/test_advanced_tensors_sparse.py ...          [ 45%]
tests/core/advanced_tensors/test_ragged_tensor.py .                      [ 45%]
tests/core/advanced_tensors/test_sparse_tensor.py .                      [ 45%]
tests/core/assertions/test_assertions.py ..                              [ 45%]
tests/core/assertions/test_assertions_edge_cases.py .                    [ 45%]
tests/core/config/test_config_context_and_stream.py ........             [ 45%]
tests/core/config/test_config_device.py ............                     [ 46%]
tests/core/misc/test_block_masked_mm.py ..                               [ 46%]
tests/core/misc/test_core_init.py .                                      [ 46%]
tests/core/misc/test_dataset.py ...................                      [ 46%]
tests/core/misc/test_dispatch.py .                                       [ 46%]
tests/core/misc/test_dropout2d.py ..                                     [ 47%]
tests/core/misc/test_graph_utils.py ....                                 [ 47%]
tests/core/misc/test_mixins.py ..                                        [ 47%]
tests/core/misc/test_shape.py .                                          [ 47%]
tests/core/misc/test_tree_util.py .................                      [ 47%]
tests/core/misc/test_type_promotion.py ...........                       [ 48%]
tests/core/misc/test_wrappers.py .                                       [ 48%]
tests/core/state/test_state_manager.py .                                 [ 48%]
tests/core/state/test_variable.py .                                      [ 48%]
tests/core/tensor/test_tensor.py ....                                    [ 48%]
tests/core/tensor/test_tensor_array.py .                                 [ 48%]
tests/core/tensor/test_tensor_dunders.py ......                          [ 48%]
tests/core/tensor/test_tensor_edge_cases.py .                            [ 48%]
tests/core/tensor/test_tensor_mixins.py .........................        [ 49%]
tests/core/tensor/test_tensor_mixins_fallback.py ....                    [ 49%]
tests/core/tensor/test_tensor_variable_assign.py ......                  [ 49%]
tests/core/test_device.py ............                                   [ 50%]
tests/core/test_dispatch.py ..                                           [ 50%]
tests/core/test_eager_isolation.py .                                     [ 50%]
tests/core/test_errors.py .                                              [ 50%]
tests/diagnostics/test_diagnostics.py .......                            [ 50%]
tests/diagnostics/test_diagnostics_extended.py .                         [ 50%]
tests/distributed/test_device_mesh.py .                                  [ 50%]
tests/distributed/test_distributed_init.py ........                      [ 51%]
tests/distributed/test_ir_sharding.py .                                  [ 51%]
tests/distributed/test_layout_map.py ..                                  [ 51%]
tests/distributed/test_lowering.py ..                                    [ 51%]
tests/distributed/test_pipeline_primitives.py ...                        [ 51%]
tests/distributed/test_pipeline_runtime.py .                             [ 51%]
tests/distributed/test_strategy.py ..................................... [ 52%]
.....                                                                    [ 52%]
tests/distributed/test_tcp_distributed.py ...                            [ 52%]
tests/distributed/test_tcp_distributed_2.py .                            [ 52%]
tests/docs/test_conf.py .                                                [ 52%]
tests/docs/test_ml_playground_directive.py ..                            [ 52%]
tests/export/test_aot.py ..............                                  [ 53%]
tests/export/test_export_api.py ...                                      [ 53%]
tests/export/test_export_init.py .                                       [ 53%]
tests/grad/test_autodiff_rules_math.py ..                                [ 53%]
tests/grad/test_autodiff_rules_nn.py ..                                  [ 53%]
tests/grad/test_control_flow_grad.py ..                                  [ 53%]
tests/grad/test_grad_coverage.py .............                           [ 54%]
tests/grad/test_grad_edge_cases.py ........                              [ 54%]
tests/grad/test_grad_hvp.py ....                                         [ 54%]
tests/grad/test_grad_missing.py ......                                   [ 54%]
tests/grad/test_grad_missing3.py ......                                  [ 55%]
tests/grad/test_more_math_coverage.py ..                                 [ 55%]
tests/grad/test_vjp_coverage4.py ..                                      [ 55%]
tests/interpreter/test_evaluator.py ........                             [ 55%]
tests/interpreter/test_evaluator_edge_cases.py ......................... [ 56%]
                                                                         [ 56%]
tests/interpreter/test_interpreter.py .....                              [ 56%]
tests/ir/test_core_ir.py .....                                           [ 56%]
tests/ir/test_ir_state.py .                                              [ 56%]
tests/ir/test_shape.py .........                                         [ 56%]
tests/ir/test_shape_system.py .                                          [ 57%]
tests/linker/test_linker.py ...                                          [ 57%]
tests/nn/test_activations.py .                                           [ 57%]
tests/nn/test_initializers.py .                                          [ 57%]
tests/ops/audio/test_audio_features_numpy.py .                           [ 57%]
tests/ops/audio/test_audio_ops.py ..                                     [ 57%]
tests/ops/audio/test_audio_shapes.py .                                   [ 57%]
tests/ops/audio/test_ops.py .                                            [ 57%]
tests/ops/autodiff/test_main.py ............                             [ 57%]
tests/ops/autodiff/test_ops_jvp.py .                                     [ 57%]
tests/ops/base/test_ops_base.py ...                                      [ 57%]
tests/ops/base/test_ops_base_edge_cases.py .                             [ 57%]
tests/ops/binary/test_binary.py ..                                       [ 57%]
tests/ops/binary/test_binary_init.py .                                   [ 58%]
tests/ops/binary/test_binary_math.py ....                                [ 58%]
tests/ops/binary/test_binary_special.py ..                               [ 58%]
tests/ops/binary/test_edge_cases.py ..                                   [ 58%]
tests/ops/binary/test_math.py ..................                         [ 58%]
tests/ops/binary/test_special.py ...                                     [ 58%]
tests/ops/control_flow/test_control_flow.py ..........                   [ 59%]
tests/ops/control_flow/test_eager.py .........                           [ 59%]
tests/ops/control_flow/test_main.py ..                                   [ 59%]
tests/ops/control_flow/test_tracing.py .......                           [ 59%]
tests/ops/control_flow/test_utils.py .                                   [ 59%]
tests/ops/conv/test_edge_cases.py .....                                  [ 60%]
tests/ops/conv/test_frontend.py ..                                       [ 60%]
tests/ops/conv/test_lstm.py ...                                          [ 60%]
tests/ops/conv/test_main.py .                                            [ 60%]
tests/ops/conv/test_tracing.py .                                         [ 60%]
tests/ops/conv/test_utils.py ...................                         [ 61%]
tests/ops/creation/core/test_basic.py .                                  [ 61%]
tests/ops/creation/core/test_edge_cases.py .                             [ 61%]
tests/ops/creation/core/test_ops_creation.py .................           [ 61%]
tests/ops/creation/frontend/test_frontend.py ..                          [ 61%]
tests/ops/creation/frontend/test_frontend_basic.py ......                [ 61%]
tests/ops/creation/frontend/test_frontend_exceptions.py ..               [ 61%]
tests/ops/creation/frontend/test_frontend_matrix.py .                    [ 62%]
tests/ops/creation/frontend/test_frontend_random.py .                    [ 62%]
tests/ops/creation/frontend/test_frontend_sequence.py .                  [ 62%]
tests/ops/creation/frontend/test_frontend_utils.py .....                 [ 62%]
tests/ops/creation/test_frontend_utils.py ..                             [ 62%]
tests/ops/frontend/test_frontend_lazy.py ....                            [ 62%]
tests/ops/frontend/test_frontend_mocked.py ....                          [ 62%]
tests/ops/io/test_base64_fallback.py .                                   [ 62%]
tests/ops/io/test_file_utils.py .                                        [ 62%]
tests/ops/io/test_io.py ........                                         [ 62%]
tests/ops/io/test_io_decoders.py .......                                 [ 63%]
tests/ops/io/test_io_tracing.py ...                                      [ 63%]
tests/ops/linalg/conv/test_conv_edge_cases.py ....                       [ 63%]
tests/ops/linalg/conv/test_conv_ops.py .                                 [ 63%]
tests/ops/linalg/core/test_frontend.py ...                               [ 63%]
tests/ops/linalg/core/test_matrix_ops.py ...                             [ 63%]
tests/ops/linalg/core/test_transform.py .                                [ 63%]
tests/ops/linalg/core/test_unimplemented_ops.py .                        [ 63%]
tests/ops/linalg/decompositions/test_cholesky.py ...                     [ 63%]
tests/ops/linalg/decompositions/test_decompositions.py ................. [ 64%]
......................                                                   [ 65%]
tests/ops/linalg/decompositions/test_eig.py .....                        [ 65%]
tests/ops/linalg/decompositions/test_inv.py ....                         [ 65%]
tests/ops/linalg/decompositions/test_lu.py .....                         [ 65%]
tests/ops/linalg/decompositions/test_norms.py ...                        [ 65%]
tests/ops/linalg/decompositions/test_qr.py ..                            [ 65%]
tests/ops/linalg/decompositions/test_solve.py .....                      [ 65%]
tests/ops/linalg/decompositions/test_solvers.py ...                      [ 66%]
tests/ops/linalg/decompositions/test_svd.py ....                         [ 66%]
tests/ops/linalg/einsum/test_einsum.py .......                           [ 66%]
tests/ops/linalg/einsum/test_einsum_frontend.py .....                    [ 66%]
tests/ops/linalg/matmul/test_dot.py .....                                [ 66%]
tests/ops/linalg/matmul/test_linear_operator.py .                        [ 66%]
tests/ops/linalg/matmul/test_matmul.py .........                         [ 67%]
tests/ops/linalg/products/test_products.py ...                           [ 67%]
tests/ops/linalg/solvers/test_solvers.py ...                             [ 67%]
tests/ops/linalg/test_einsum_dynamic_rank.py .s.                         [ 67%]
tests/ops/linalg/test_linalg_utils.py .                                  [ 67%]
tests/ops/loss/test_loss.py ..                                           [ 67%]
tests/ops/loss/test_loss_extended.py .                                   [ 67%]
tests/ops/misc/test_configs.py .                                         [ 67%]
tests/ops/misc/test_custom_kernels.py .......                            [ 67%]
tests/ops/misc/test_dataset_utils.py .........                           [ 68%]
tests/ops/misc/test_device.py ..                                         [ 68%]
tests/ops/misc/test_distributed_ops.py .                                 [ 68%]
tests/ops/misc/test_eager_evaluator.py ..                                [ 68%]
tests/ops/misc/test_export.py .                                          [ 68%]
tests/ops/misc/test_info_functions.py ..                                 [ 68%]
tests/ops/misc/test_lookup.py .                                          [ 68%]
tests/ops/misc/test_metrics_primitives.py ..                             [ 68%]
tests/ops/misc/test_np_utils.py ..                                       [ 68%]
tests/ops/misc/test_operation_utils.py .............                     [ 68%]
tests/ops/misc/test_ops_math.py ..                                       [ 69%]
tests/ops/misc/test_raw_ops.py ..                                        [ 69%]
tests/ops/misc/test_state.py .                                           [ 69%]
tests/ops/misc/test_transforms_rewriter.py .                             [ 69%]
tests/ops/misc/test_vmap.py .......                                      [ 69%]
tests/ops/nn/activations/test_dropout.py .                               [ 69%]
tests/ops/nn/activations/test_nn_activations.py .                        [ 69%]
tests/ops/nn/activations/test_one_hot_metadata.py .                      [ 69%]
tests/ops/nn/attention/test_attention_rope_alibi.py .....                [ 69%]
tests/ops/nn/attention/test_nn_attention_utils.py .                      [ 69%]
tests/ops/nn/conv/test_conv_nd.py ....                                   [ 69%]
tests/ops/nn/conv/test_conv_utils.py .....                               [ 70%]
tests/ops/nn/conv/test_erosion_dilation.py ..                            [ 70%]
tests/ops/nn/core/test_linear_ops.py .                                   [ 70%]
tests/ops/nn/loss/test_loss.py .                                         [ 70%]
tests/ops/nn/loss/test_loss_adaptive.py ....                             [ 70%]
tests/ops/nn/normalization/test_group_norm.py ....                       [ 70%]
tests/ops/nn/normalization/test_nlp.py .                                 [ 70%]
tests/ops/nn/normalization/test_norm_nlp_extended.py .....               [ 70%]
tests/ops/nn/normalization/test_normalization.py ..                      [ 70%]
tests/ops/nn/normalization/test_normalization_edge_cases.py .            [ 70%]
tests/ops/nn/normalization/test_normalization_frontend_edge_cases.py .   [ 70%]
tests/ops/nn/pooling/test_pooling.py .                                   [ 70%]
tests/ops/nn/pooling/test_pooling_edge_cases.py .                        [ 70%]
tests/ops/nn/quantized/test_quantized_extended.py .                      [ 70%]
tests/ops/nn/quantized/test_quantized_ops.py ..                          [ 70%]
tests/ops/nn/quantized/test_quantized_ops_eager.py .                     [ 70%]
tests/ops/nn/quantized/test_quantized_ops_edge_cases.py .                [ 71%]
tests/ops/nn/rnn/test_gru.py .                                           [ 71%]
tests/ops/nn/rnn/test_gru_extended.py .                                  [ 71%]
tests/ops/nn/rnn/test_lstm.py .                                          [ 71%]
tests/ops/nn/rnn/test_rnn_quantized_edge_cases.py ...                    [ 71%]
tests/ops/nn/rnn/test_rnn_utils.py ..                                    [ 71%]
tests/ops/nn/rnn/test_rnn_utils_coverage.py ....                         [ 71%]
tests/ops/nn/rnn/test_rnn_utils_edge_cases.py .                          [ 71%]
tests/ops/nn/test_activations.py .                                       [ 71%]
tests/ops/nn/test_rnn_init.py .                                          [ 71%]
tests/ops/nn/upsample/test_upsample.py .                                 [ 71%]
tests/ops/nn/upsample/test_upsample_edge_cases.py .                      [ 71%]
tests/ops/optimizers/test_adamw_coverage.py ..                           [ 71%]
tests/ops/optimizers/test_main.py ...............                        [ 72%]
tests/ops/optimizers/test_optimizers.py .                                [ 72%]
tests/ops/optimizers/test_updates.py .                                   [ 72%]
tests/ops/optimizers/test_updates_edge_cases.py .                        [ 72%]
tests/ops/optimizers/test_updates_opdefs.py ....                         [ 72%]
tests/ops/ragged/test_ragged.py ..                                       [ 72%]
tests/ops/ragged/test_ragged_frontend.py .                               [ 72%]
tests/ops/random/test_continuous_dirichlet.py .                          [ 72%]
tests/ops/random/test_discrete.py .....                                  [ 72%]
tests/ops/random/test_ops.py .                                           [ 72%]
tests/ops/random/test_random_extended.py .                               [ 72%]
tests/ops/random/test_random_ops.py .                                    [ 72%]
tests/ops/random/test_random_stateless.py .                              [ 72%]
tests/ops/random/test_stateless_ops.py .................                 [ 73%]
tests/ops/reductions/core/test_aggregations.py .                         [ 73%]
tests/ops/reductions/core/test_core.py ...                               [ 73%]
tests/ops/reductions/core/test_distributed.py ..                         [ 73%]
tests/ops/reductions/core/test_init.py .                                 [ 73%]
tests/ops/reductions/frontend/test_frontend.py ..                        [ 73%]
tests/ops/reductions/frontend/test_frontend_edge_cases.py .              [ 73%]
tests/ops/reductions/frontend/test_frontend_pool.py .                    [ 73%]
tests/ops/reductions/frontend/test_frontend_pool_eager.py .              [ 73%]
tests/ops/reductions/frontend/test_frontend_pool_tracing.py .            [ 73%]
tests/ops/reductions/frontend/test_frontend_stats.py .........           [ 74%]
tests/ops/reductions/frontend/test_frontend_utils_extended.py .          [ 74%]
tests/ops/reductions/pooling/test_pooling_infer_shape.py .               [ 74%]
tests/ops/reductions/shape/test_shape_edge_cases.py ...                  [ 74%]
tests/ops/reductions/test_frontend_pool.py .                             [ 74%]
tests/ops/reductions/test_reductions.py .                                [ 74%]
tests/ops/registry/test_registries.py .                                  [ 74%]
tests/ops/registry/test_registry.py .....                                [ 74%]
tests/ops/registry/test_yaml_registries.py ...                           [ 74%]
tests/ops/serialization/test_h.py ..                                     [ 74%]
tests/ops/serialization/test_ir_format.py .                              [ 74%]
tests/ops/serialization/test_main.py .....................               [ 75%]
tests/ops/serialization/test_npz.py .                                    [ 75%]
tests/ops/serialization/test_pickle.py .                                 [ 75%]
tests/ops/serialization/test_safetensors.py ..                           [ 75%]
tests/ops/serialization/test_utils.py ................                   [ 76%]
tests/ops/shape/core/test_diag_and_block.py ............................ [ 77%]
........                                                                 [ 77%]
tests/ops/shape/core/test_inference.py ...                               [ 77%]
tests/ops/shape/core/test_moveaxis_permute.py ....                       [ 77%]
tests/ops/shape/core/test_pad_and_tile_dispatch.py ......                [ 77%]
tests/ops/shape/core/test_space_batch.py ...                             [ 77%]
tests/ops/shape/core/test_utils.py ..                                    [ 77%]
tests/ops/shape/indexing/test_dynamic_slicing.py ......                  [ 78%]
tests/ops/shape/indexing/test_indexing.py ...........                    [ 78%]
tests/ops/shape/indexing/test_indexing_advanced.py ................      [ 79%]
tests/ops/shape/indexing/test_scatter.py .......                         [ 79%]
tests/ops/shape/indexing/test_slicing.py ......                          [ 79%]
tests/ops/shape/manipulation/test_concat.py ..........                   [ 79%]
tests/ops/shape/manipulation/test_joining.py ........                    [ 80%]
tests/ops/shape/manipulation/test_joining_splitting.py ................  [ 80%]
tests/ops/shape/manipulation/test_splitting.py ...............           [ 81%]
tests/ops/shape/reshaping/test_expand_squeeze.py ...............         [ 81%]
tests/ops/shape/reshaping/test_reshape.py ..................             [ 82%]
tests/ops/shape/test_pad_and_tile.py .                                   [ 82%]
tests/ops/signal/test_main.py .....                                      [ 82%]
tests/ops/signal/test_signal.py ...                                      [ 82%]
tests/ops/signal/test_signal_eager.py .                                  [ 82%]
tests/ops/signal/test_stft.py ....                                       [ 82%]
tests/ops/sparse/test_init.py .                                          [ 82%]
tests/ops/sparse/test_ragged.py ..........                               [ 83%]
tests/ops/sparse/test_ragged_extended.py ..                              [ 83%]
tests/ops/sparse/test_text.py .........                                  [ 83%]
tests/ops/stats/test_descriptive.py ..                                   [ 83%]
tests/ops/stats/test_distributions.py ..                                 [ 83%]
tests/ops/tensor/test_ops_tensor.py .                                    [ 83%]
tests/ops/tensor/test_ops_tensor_array.py .                              [ 83%]
tests/ops/tensor/test_tensordot_einsum_routing.py ....                   [ 83%]
tests/ops/test_arithmetic_ops.py ......                                  [ 84%]
tests/ops/test_distributed_ops.py ...                                    [ 84%]
tests/ops/test_eager_evaluator.py .                                      [ 84%]
tests/ops/test_exponential_ops.py ...                                    [ 84%]
tests/ops/test_finfo_iinfo.py ...                                        [ 84%]
tests/ops/test_info_and_histograms.py ..                                 [ 84%]
tests/ops/test_io.py ......................                              [ 85%]
tests/ops/test_logical_ops.py ....                                       [ 85%]
tests/ops/test_matrix_ops.py ..                                          [ 85%]
tests/ops/test_random_ops.py .                                           [ 85%]
tests/ops/test_random_stateless.py .                                     [ 85%]
tests/ops/test_reduction_ops.py ....                                     [ 85%]
tests/ops/test_registry.py ...                                           [ 85%]
tests/ops/test_tracing_utils.py .                                        [ 85%]
tests/ops/test_trigonometric_ops.py ...                                  [ 85%]
tests/ops/test_various_stubs.py .................                        [ 86%]
tests/ops/text/test_text.py ................                             [ 86%]
tests/ops/text/test_text_infer_shape.py .                                [ 87%]
tests/ops/tracing/test_autograph.py .                                    [ 87%]
tests/ops/tracing/test_tracer.py .                                       [ 87%]
tests/ops/tracing/test_tracer_mixins.py .                                [ 87%]
tests/ops/tracing/test_tracing_builder.py .....                          [ 87%]
tests/ops/tracing/test_tracing_state.py ...                              [ 87%]
tests/ops/type/test_type_inference.py ..                                 [ 87%]
tests/ops/type/test_type_promotion_explicitizer.py ...                   [ 87%]
tests/ops/unary/test_exponential.py .                                    [ 87%]
tests/ops/unary/test_init.py .                                           [ 87%]
tests/ops/unary/test_logical.py ......                                   [ 87%]
tests/ops/unary/test_ops_unary.py ....                                   [ 87%]
tests/ops/unary/test_sets.py .                                           [ 87%]
tests/ops/unary/test_special.py ..                                       [ 88%]
tests/ops/unary/test_unary_logical.py .                                  [ 88%]
tests/ops/vision/test_affine.py ..                                       [ 88%]
tests/ops/vision/test_bbox.py ....                                       [ 88%]
tests/ops/vision/test_color.py ..                                        [ 88%]
tests/ops/vision/test_filtering.py ....                                  [ 88%]
tests/ops/vision/test_interpolation.py .                                 [ 88%]
tests/ops/vision/test_mixing.py .                                        [ 88%]
tests/ops/vision/test_transforms.py ...                                  [ 88%]
tests/random/continuous/test_ball.py .                                   [ 88%]
tests/random/continuous/test_cauchy.py .                                 [ 88%]
tests/random/continuous/test_chisquare.py .                              [ 88%]
tests/random/continuous/test_double_sided_maxwell.py .                   [ 88%]
tests/random/continuous/test_exponential.py .                            [ 88%]
tests/random/continuous/test_f.py .                                      [ 88%]
tests/random/continuous/test_gamma.py ..                                 [ 88%]
tests/random/continuous/test_generalized_normal.py .                     [ 88%]
tests/random/continuous/test_gumbel.py .                                 [ 88%]
tests/random/continuous/test_laplace.py .                                [ 89%]
tests/random/continuous/test_loggamma.py .                               [ 89%]
tests/random/continuous/test_logistic.py .                               [ 89%]
tests/random/continuous/test_lognormal.py .                              [ 89%]
tests/random/continuous/test_maxwell.py .                                [ 89%]
tests/random/continuous/test_multivariate_normal.py ..                   [ 89%]
tests/random/continuous/test_orthogonal.py .                             [ 89%]
tests/random/continuous/test_pareto.py .                                 [ 89%]
tests/random/continuous/test_random_gamma_p.py .                         [ 89%]
tests/random/continuous/test_rayleigh.py .                               [ 89%]
tests/random/continuous/test_t.py .                                      [ 89%]
tests/random/continuous/test_triangular.py .                             [ 89%]
tests/random/continuous/test_wald.py .                                   [ 89%]
tests/random/continuous/test_weibull_min.py .                            [ 89%]
tests/serialization/test_base_format.py ..                               [ 89%]
tests/serialization/test_h.py .....                                      [ 89%]
tests/serialization/test_init_extract_model.py ...................       [ 90%]
tests/serialization/test_init_final.py ..                                [ 90%]
tests/serialization/test_init_methods.py ..                              [ 90%]
tests/serialization/test_npz.py .                                        [ 90%]
tests/serialization/test_serialization.py ..                             [ 90%]
tests/serialization/test_serialization_extended.py .                     [ 90%]
tests/serialization/test_z_init_unmocked.py .                            [ 90%]
tests/test_architectural_boundaries.py .                                 [ 90%]
tests/test_checkpoint.py ...                                             [ 90%]
tests/test_foreign.py ....                                               [ 90%]
tests/test_fuzz_higher_order.py .ss..ss.                                 [ 91%]
tests/test_grad.py ................                                      [ 91%]
tests/test_lint_pass.py .                                                [ 91%]
tests/tracing/test_autograph.py ..                                       [ 91%]
tests/tracing/test_builder.py .....                                      [ 92%]
tests/tracing/test_builder_proxy_elif.py .                               [ 92%]
tests/tracing/test_proxy_tensor_dunders.py ....                          [ 92%]
tests/tracing/test_tracer.py .                                           [ 92%]
tests/tracing/test_tracing.py .......                                    [ 92%]
tests/transforms/passes/test_axis_translation.py ....                    [ 92%]
tests/transforms/passes/test_axis_translation_empty.py .                 [ 92%]
tests/transforms/passes/test_batch_norm_folding.py ....                  [ 92%]
tests/transforms/passes/test_batch_norm_folding_empty.py .               [ 92%]
tests/transforms/passes/test_broadcast_explicitizer.py ....              [ 92%]
tests/transforms/passes/test_buffer_allocation.py .........              [ 93%]
tests/transforms/passes/test_dtype_inference.py .........                [ 93%]
tests/transforms/passes/test_graph_scheduling.py ......                  [ 93%]
tests/transforms/passes/test_lift_state.py ......                        [ 93%]
tests/transforms/passes/test_loop_unrolling.py ................          [ 94%]
tests/transforms/passes/test_loop_unrolling_duplicate.py .               [ 94%]
tests/transforms/passes/test_mixed_precision.py ..........               [ 94%]
tests/transforms/passes/test_operator_fusion_coverage.py .               [ 94%]
tests/transforms/passes/test_quantization.py .........                   [ 95%]
tests/transforms/passes/test_shape_inference.py ......                   [ 95%]
tests/transforms/passes/test_spmd.py ..........                          [ 95%]
tests/transforms/passes/test_state_lifting.py ....                       [ 95%]
tests/transforms/passes/test_state_lowering.py ....                      [ 96%]
tests/transforms/test_autodiff.py ..................................     [ 97%]
tests/transforms/test_autodiff_custom_rules.py .....                     [ 97%]
tests/transforms/test_autodiff_errors.py .                               [ 97%]
tests/transforms/test_autodiff_jvp_none.py .                             [ 97%]
tests/transforms/test_constant_folding.py ...........                    [ 97%]
tests/transforms/test_cse.py .....                                       [ 97%]
tests/transforms/test_dce.py ....                                        [ 98%]
tests/transforms/test_foreign.py ......                                  [ 98%]
tests/transforms/test_jvp_registry.py .                                  [ 98%]
tests/transforms/test_operator_fusion_extra.py ...                       [ 98%]
tests/transforms/test_pass_manager.py .......                            [ 98%]
tests/transforms/test_rematerialization.py ..                            [ 98%]
tests/transforms/test_rewriter.py .                                      [ 98%]
tests/transforms/test_type_promotion_explicitizer.py .                   [ 98%]
tests/transforms/test_type_promotion_explicitizer2.py ...                [ 98%]
tests/transforms/test_vjp_registry.py .                                  [ 98%]
tests/utils/test_dataset_utils.py ....                                   [ 99%]
tests/utils/test_generic_utils.py ................                       [ 99%]
tests/utils/test_generic_utils_edge_cases.py .                           [ 99%]
tests/utils/test_operation_utils.py ...........                          [100%]

=============================== warnings summary ===============================
../../../../Library/Frameworks/Python.framework/Versions/3.9/lib/python3.9/site-packages/google/api_core/_python_version_support.py:242
  /Library/Frameworks/Python.framework/Versions/3.9/lib/python3.9/site-packages/google/api_core/_python_version_support.py:242: FutureWarning: You are using a non-supported Python version (3.9.13). Google will not post any further updates to google.api_core supporting this Python version. Please upgrade to the latest Python version, or at least Python 3.10, and then update google.api_core.
    warnings.warn(message, FutureWarning)

../../../../Library/Frameworks/Python.framework/Versions/3.9/lib/python3.9/site-packages/google/auth/__init__.py:54
  /Library/Frameworks/Python.framework/Versions/3.9/lib/python3.9/site-packages/google/auth/__init__.py:54: FutureWarning: You are using a Python version 3.9 past its end of life. Google will update google-auth with critical bug fixes on a best-effort basis, but not with any other fixes or features. Please upgrade your Python version, and then update google-auth.
    warnings.warn(eol_message.format("3.9"), FutureWarning)

../../../../Library/Frameworks/Python.framework/Versions/3.9/lib/python3.9/site-packages/google/oauth2/__init__.py:40
  /Library/Frameworks/Python.framework/Versions/3.9/lib/python3.9/site-packages/google/oauth2/__init__.py:40: FutureWarning: You are using a Python version 3.9 past its end of life. Google will update google-auth with critical bug fixes on a best-effort basis, but not with any other fixes or features. Please upgrade your Python version, and then update google-auth.
    warnings.warn(eol_message.format("3.9"), FutureWarning)

../../../../Library/Frameworks/Python.framework/Versions/3.9/lib/python3.9/site-packages/tensorflow/lite/python/util.py:51
../../../../Library/Frameworks/Python.framework/Versions/3.9/lib/python3.9/site-packages/tensorflow/lite/python/util.py:51
  /Library/Frameworks/Python.framework/Versions/3.9/lib/python3.9/site-packages/tensorflow/lite/python/util.py:51: DeprecationWarning: jax.xla_computation is deprecated. Please use the AOT APIs.
    from jax import xla_computation as _xla_computation

../../../../Library/Frameworks/Python.framework/Versions/3.9/lib/python3.9/site-packages/matplotlib/_fontconfig_pattern.py:64
  /Library/Frameworks/Python.framework/Versions/3.9/lib/python3.9/site-packages/matplotlib/_fontconfig_pattern.py:64: PyparsingDeprecationWarning: 'oneOf' deprecated - use 'one_of'
    prop = Group((name + Suppress("=") + comma_separated(value)) | oneOf(_CONSTANTS))

../../../../Library/Frameworks/Python.framework/Versions/3.9/lib/python3.9/site-packages/matplotlib/_fontconfig_pattern.py:85
../../../../Library/Frameworks/Python.framework/Versions/3.9/lib/python3.9/site-packages/matplotlib/_fontconfig_pattern.py:85
../../../../Library/Frameworks/Python.framework/Versions/3.9/lib/python3.9/site-packages/matplotlib/_fontconfig_pattern.py:85
../../../../Library/Frameworks/Python.framework/Versions/3.9/lib/python3.9/site-packages/matplotlib/_fontconfig_pattern.py:85
../../../../Library/Frameworks/Python.framework/Versions/3.9/lib/python3.9/site-packages/matplotlib/_fontconfig_pattern.py:85
../../../../Library/Frameworks/Python.framework/Versions/3.9/lib/python3.9/site-packages/matplotlib/_fontconfig_pattern.py:85
  /Library/Frameworks/Python.framework/Versions/3.9/lib/python3.9/site-packages/matplotlib/_fontconfig_pattern.py:85: PyparsingDeprecationWarning: 'parseString' deprecated - use 'parse_string'
    parse = parser.parseString(pattern)

../../../../Library/Frameworks/Python.framework/Versions/3.9/lib/python3.9/site-packages/matplotlib/_fontconfig_pattern.py:89
../../../../Library/Frameworks/Python.framework/Versions/3.9/lib/python3.9/site-packages/matplotlib/_fontconfig_pattern.py:89
../../../../Library/Frameworks/Python.framework/Versions/3.9/lib/python3.9/site-packages/matplotlib/_fontconfig_pattern.py:89
../../../../Library/Frameworks/Python.framework/Versions/3.9/lib/python3.9/site-packages/matplotlib/_fontconfig_pattern.py:89
../../../../Library/Frameworks/Python.framework/Versions/3.9/lib/python3.9/site-packages/matplotlib/_fontconfig_pattern.py:89
../../../../Library/Frameworks/Python.framework/Versions/3.9/lib/python3.9/site-packages/matplotlib/_fontconfig_pattern.py:89
  /Library/Frameworks/Python.framework/Versions/3.9/lib/python3.9/site-packages/matplotlib/_fontconfig_pattern.py:89: PyparsingDeprecationWarning: 'resetCache' deprecated - use 'reset_cache'
    parser.resetCache()

../../../../Library/Frameworks/Python.framework/Versions/3.9/lib/python3.9/site-packages/matplotlib/_mathtext.py:45
  /Library/Frameworks/Python.framework/Versions/3.9/lib/python3.9/site-packages/matplotlib/_mathtext.py:45: PyparsingDeprecationWarning: 'enablePackrat' deprecated - use 'enable_packrat'
    ParserElement.enablePackrat()

tests/backends/common/test_backends_edge_cases.py::test_numpy_math_misc
  /Library/Frameworks/Python.framework/Versions/3.9/lib/python3.9/site-packages/numpy/core/fromnumeric.py:3504: RuntimeWarning: Mean of empty slice.
    return _methods._mean(a, axis=axis, dtype=dtype,

tests/backends/common/test_backends_edge_cases.py::test_numpy_math_misc
  /Library/Frameworks/Python.framework/Versions/3.9/lib/python3.9/site-packages/numpy/core/_methods.py:129: RuntimeWarning: invalid value encountered in scalar divide
    ret = ret.dtype.type(ret / rcount)

tests/backends/common/test_backends_edge_cases.py::test_numpy_math_misc
  /Library/Frameworks/Python.framework/Versions/3.9/lib/python3.9/site-packages/numpy/core/_methods.py:206: RuntimeWarning: Degrees of freedom <= 0 for slice
    ret = _var(a, axis=axis, dtype=dtype, out=out, ddof=ddof,

tests/backends/common/test_backends_edge_cases.py::test_numpy_math_misc
  /Library/Frameworks/Python.framework/Versions/3.9/lib/python3.9/site-packages/numpy/core/_methods.py:163: RuntimeWarning: invalid value encountered in divide
    arrmean = um.true_divide(arrmean, div, out=arrmean,

tests/backends/common/test_backends_edge_cases.py::test_numpy_math_misc
  /Library/Frameworks/Python.framework/Versions/3.9/lib/python3.9/site-packages/numpy/core/_methods.py:198: RuntimeWarning: invalid value encountered in scalar divide
    ret = ret.dtype.type(ret / rcount)

tests/backends/common/test_backends_edge_cases.py::test_numpy_math_misc
  /Library/Frameworks/Python.framework/Versions/3.9/lib/python3.9/site-packages/scipy/signal/_signaltools.py:1055: RuntimeWarning: invalid value encountered in log
    fft_ops = 3 * N * np.log(N)  # 3 separate FFTs of size full_out_shape

tests/backends/eager/test_core_math_ops_auto.py::test_all_core_math_ops_coverage
  /Users/samuel/repos/ml-switcheroo-compiler/src/ml_switcheroo_compiler/backends/eager/core_math_ops/math_trig.py:23: RuntimeWarning: invalid value encountered in arccos
    return func(*args, **kwargs) if func else None

tests/backends/eager/test_core_math_ops_auto.py::test_all_core_math_ops_coverage
  /Users/samuel/repos/ml-switcheroo-compiler/src/ml_switcheroo_compiler/backends/eager/core_math_ops/math_special.py:76: RuntimeWarning: invalid value encountered in log
    ln_1_x2 = backend_module.log(1.0 - x * x + 1e-12)

tests/backends/eager/test_core_math_ops_auto.py::test_all_core_math_ops_coverage
  /Users/samuel/repos/ml-switcheroo-compiler/src/ml_switcheroo_compiler/backends/eager/core_math_ops/math_misc_ext.py:862: RuntimeWarning: divide by zero encountered in power
    return np.power(args[0], args[1] - 1) * np.power(1 - args[0], args[2] - 1)

tests/backends/eager/test_core_math_ops_auto.py::test_all_core_math_ops_coverage
tests/backends/eager/test_core_math_ops_auto.py::test_all_core_math_ops_coverage
tests/backends/eager/test_core_math_ops_auto.py::test_all_core_math_ops_coverage
tests/backends/eager/test_core_math_ops_auto.py::test_all_core_math_ops_coverage
  /Users/samuel/repos/ml-switcheroo-compiler/src/ml_switcheroo_compiler/backends/eager/core_math_ops/math_string_io.py:120: DeprecationWarning: The binary mode of fromstring is deprecated, as it behaves surprisingly on unicode inputs. Use frombuffer instead
    return np.fromstring(*args, **kwargs)

tests/backends/eager/test_core_math_ops_auto.py::test_all_core_math_ops_coverage
  /Users/samuel/repos/ml-switcheroo-compiler/src/ml_switcheroo_compiler/backends/eager/core_math_ops/math_arithmetic.py:224: RuntimeWarning: invalid value encountered in divide
    return np.trunc(np.divide(args[0], args[1]))

tests/backends/eager/test_core_math_ops_auto.py::test_all_core_math_ops_coverage
  /Users/samuel/repos/ml-switcheroo-compiler/src/ml_switcheroo_compiler/backends/eager/core_math_ops/math_arithmetic.py:268: RuntimeWarning: invalid value encountered in divide
    return np.where(args[0] == 0, 0, np.divide(args[0], args[1]))

tests/backends/eager/test_core_math_ops_auto.py::test_all_core_math_ops_coverage
  /Users/samuel/repos/ml-switcheroo-compiler/src/ml_switcheroo_compiler/backends/eager/core_math_ops/math_log_exp.py:139: RuntimeWarning: divide by zero encountered in log
    return np.where(args[0] == 0, 0, args[0] * np.log(args[1]))

tests/backends/eager/test_core_math_ops_auto.py::test_all_core_math_ops_coverage
  /Users/samuel/repos/ml-switcheroo-compiler/src/ml_switcheroo_compiler/backends/eager/core_math_ops/math_log_exp.py:139: RuntimeWarning: invalid value encountered in multiply
    return np.where(args[0] == 0, 0, args[0] * np.log(args[1]))

tests/backends/eager/test_core_math_ops_auto.py::test_all_core_math_ops_coverage
  /Library/Frameworks/Python.framework/Versions/3.9/lib/python3.9/site-packages/numpy/linalg/linalg.py:2120: RuntimeWarning: divide by zero encountered in slogdet
    sign, logdet = _umath_linalg.slogdet(a, signature=signature)

tests/backends/eager/test_core_math_ops_auto.py::test_all_core_math_ops_coverage
  /Users/samuel/repos/ml-switcheroo-compiler/src/ml_switcheroo_compiler/backends/eager/core_math_ops/math_arithmetic.py:23: RuntimeWarning: invalid value encountered in divide
    return func(*args, **kwargs) if func else None

tests/backends/mlx/misc/test_parity.py::test_mlx_parity_coverage
  /Users/samuel/repos/ml-switcheroo-compiler/tests/backends/mlx/misc/test_parity.py:43: UserWarning: Active backend 'NumpyGenerator' does not support clear_cache()
    clear_cache()

tests/backends/numpy/eager/test_eager_edge_cases.py::test_numpy_eager_coverage
tests/backends/numpy/eager/test_eager_edge_cases.py::test_numpy_eager_coverage_2
  /Users/samuel/repos/ml-switcheroo-compiler/src/ml_switcheroo_compiler/backends/numpy/eager/math_advanced/math_creation.py:82: DeprecationWarning: in the future the `.dtype` attribute of a given datatype object must be a valid dtype instance. `data_type.dtype` may need to be coerced using `np.dtype(data_type.dtype)`. (Deprecated NumPy 1.20)
    return backend_module.zeros(*args, **kwargs)

tests/backends/numpy/eager/test_eager_edge_cases.py::test_numpy_eager_coverage
tests/backends/numpy/eager/test_eager_edge_cases.py::test_numpy_eager_coverage_2
  /Library/Frameworks/Python.framework/Versions/3.9/lib/python3.9/site-packages/numpy/core/numeric.py:191: DeprecationWarning: in the future the `.dtype` attribute of a given datatype object must be a valid dtype instance. `data_type.dtype` may need to be coerced using `np.dtype(data_type.dtype)`. (Deprecated NumPy 1.20)
    a = empty(shape, dtype, order)

tests/backends/numpy/eager/test_eager_edge_cases.py::test_numpy_eager_coverage
tests/backends/numpy/eager/test_eager_edge_cases.py::test_numpy_eager_coverage_2
  /Library/Frameworks/Python.framework/Versions/3.9/lib/python3.9/site-packages/numpy/core/numeric.py:129: DeprecationWarning: in the future the `.dtype` attribute of a given datatype object must be a valid dtype instance. `data_type.dtype` may need to be coerced using `np.dtype(data_type.dtype)`. (Deprecated NumPy 1.20)
    res = empty_like(a, dtype=dtype, order=order, subok=subok, shape=shape)

tests/backends/numpy/eager/test_eager_edge_cases.py::test_numpy_eager_coverage
tests/backends/numpy/eager/test_eager_edge_cases.py::test_numpy_eager_coverage_2
  /Library/Frameworks/Python.framework/Versions/3.9/lib/python3.9/site-packages/numpy/core/numeric.py:265: DeprecationWarning: in the future the `.dtype` attribute of a given datatype object must be a valid dtype instance. `data_type.dtype` may need to be coerced using `np.dtype(data_type.dtype)`. (Deprecated NumPy 1.20)
    res = empty_like(a, dtype=dtype, order=order, subok=subok, shape=shape)

tests/backends/numpy/eager/test_eager_edge_cases.py::test_numpy_eager_coverage
tests/backends/numpy/eager/test_eager_edge_cases.py::test_numpy_eager_coverage_2
  /Library/Frameworks/Python.framework/Versions/3.9/lib/python3.9/site-packages/numpy/lib/twodim_base.py:211: DeprecationWarning: in the future the `.dtype` attribute of a given datatype object must be a valid dtype instance. `data_type.dtype` may need to be coerced using `np.dtype(data_type.dtype)`. (Deprecated NumPy 1.20)
    m = zeros((N, M), dtype=dtype, order=order)

tests/backends/numpy/eager/test_eager_edge_cases.py::test_numpy_eager_coverage
tests/backends/numpy/eager/test_eager_edge_cases.py::test_numpy_eager_coverage_2
  /Users/samuel/repos/ml-switcheroo-compiler/src/ml_switcheroo_compiler/backends/numpy/eager/math_advanced/math_creation.py:110: DeprecationWarning: in the future the `.dtype` attribute of a given datatype object must be a valid dtype instance. `data_type.dtype` may need to be coerced using `np.dtype(data_type.dtype)`. (Deprecated NumPy 1.20)
    return backend_module.empty(*args, **kwargs)

tests/backends/numpy/eager/test_eager_edge_cases.py::test_numpy_eager_coverage
tests/backends/numpy/eager/test_eager_edge_cases.py::test_numpy_eager_coverage_2
  /Users/samuel/repos/ml-switcheroo-compiler/src/ml_switcheroo_compiler/backends/numpy/eager/math_advanced/math_creation.py:166: DeprecationWarning: in the future the `.dtype` attribute of a given datatype object must be a valid dtype instance. `data_type.dtype` may need to be coerced using `np.dtype(data_type.dtype)`. (Deprecated NumPy 1.20)
    return backend_module.empty_like(*args, **kwargs)

tests/backends/numpy/eager/test_eager_edge_cases.py::test_numpy_eager_coverage
tests/backends/numpy/eager/test_eager_edge_cases.py::test_numpy_eager_coverage_2
  /Library/Frameworks/Python.framework/Versions/3.9/lib/python3.9/site-packages/numpy/core/numeric.py:1764: DeprecationWarning: in the future the `.dtype` attribute of a given datatype object must be a valid dtype instance. `data_type.dtype` may need to be coerced using `np.dtype(data_type.dtype)`. (Deprecated NumPy 1.20)
    res = empty((N,)+dimensions, dtype=dtype)

tests/backends/numpy/eager/test_eager_edge_cases.py::test_numpy_eager_coverage
tests/backends/numpy/eager/test_eager_edge_cases.py::test_numpy_eager_coverage
tests/backends/numpy/eager/test_eager_edge_cases.py::test_numpy_eager_coverage_2
tests/backends/numpy/eager/test_eager_edge_cases.py::test_numpy_eager_coverage_2
  /Library/Frameworks/Python.framework/Versions/3.9/lib/python3.9/site-packages/numpy/lib/histograms.py:322: DeprecationWarning: The truth value of an empty array is ambiguous. Returning False, but in future this will result in an error. Use `array.size > 0` to check that an array is not empty.
    if not (np.isfinite(first_edge) and np.isfinite(last_edge)):

tests/backends/numpy/eager/test_eager_edge_cases.py::test_core_math_ops_adjoint_det
  /Library/Frameworks/Python.framework/Versions/3.9/lib/python3.9/site-packages/numpy/linalg/linalg.py:2180: RuntimeWarning: divide by zero encountered in det
    r = _umath_linalg.det(a, signature=signature)

tests/backends/numpy/eager/test_eager_edge_cases.py::test_core_math_ops_adjoint_det
  /Library/Frameworks/Python.framework/Versions/3.9/lib/python3.9/site-packages/numpy/linalg/linalg.py:2180: RuntimeWarning: invalid value encountered in det
    r = _umath_linalg.det(a, signature=signature)

tests/backends/numpy/eager/test_math_advanced.py::test_math_misc_coverage
tests/backends/numpy/eager/test_math_advanced.py::test_math_misc_coverage
  /Users/samuel/repos/ml-switcheroo-compiler/src/ml_switcheroo_compiler/backends/numpy/eager/math_advanced/math_internal.py:30: DeprecationWarning: In future, it will be an error for 'np.bool_' scalars to be interpreted as an index
    return np.array([bin(n).count("1") for n in x_arr.flat]).reshape(x_arr.shape)

tests/backends/numpy/eager/test_math_advanced.py::test_math_misc_coverage
tests/backends/numpy/eager/test_math_advanced.py::test_math_misc_coverage
  /Library/Frameworks/Python.framework/Versions/3.9/lib/python3.9/site-packages/numpy/core/einsumfunc.py:597: DeprecationWarning: In future, it will be an error for 'np.bool_' scalars to be interpreted as an index
    s = operator.index(s)

tests/backends/numpy/eager/test_math_advanced.py::test_math_misc_coverage
tests/backends/numpy/eager/test_math_advanced.py::test_math_misc_coverage
tests/backends/numpy/eager/test_math_advanced.py::test_math_misc_coverage
tests/backends/numpy/eager/test_math_special.py::test_math_advanced_coverage
tests/backends/numpy/math/test_math_special_auto.py::test__np_fromstring_
tests/ops/test_io.py::test_missing_io_functions_from
  /Users/samuel/repos/ml-switcheroo-compiler/src/ml_switcheroo_compiler/backends/numpy/eager/math_advanced/math_tri.py:110: DeprecationWarning: The binary mode of fromstring is deprecated, as it behaves surprisingly on unicode inputs. Use frombuffer instead
    return backend_module.fromstring(*args, **kwargs)

tests/backends/numpy/eager/test_math_advanced.py::test_math_misc_coverage
  /Users/samuel/repos/ml-switcheroo-compiler/src/ml_switcheroo_compiler/backends/numpy/eager/math_advanced/math_testing.py:110: RuntimeWarning: Converting input from bool to <class 'numpy.uint8'> for compatibility.
    return backend_module.histogram(*args, **kwargs)

tests/backends/numpy/eager/test_math_advanced.py::test_math_misc_coverage
  /Users/samuel/repos/ml-switcheroo-compiler/src/ml_switcheroo_compiler/backends/numpy/eager/math_advanced/math_testing.py:138: RuntimeWarning: Converting input from bool to <class 'numpy.uint8'> for compatibility.
    return backend_module.histogram_bin_edges(*args, **kwargs)

tests/backends/numpy/eager/test_math_advanced.py::test_math_misc_coverage
  /Users/samuel/repos/ml-switcheroo-compiler/src/ml_switcheroo_compiler/backends/numpy/eager/math_advanced/math_tri.py:242: RuntimeWarning: Converting input from bool to <class 'numpy.uint8'> for compatibility.
    counts, bins = np.histogram(a, bins="auto")

tests/backends/numpy/eager/test_math_advanced.py::test_math_misc_coverage
tests/backends/numpy/eager/test_math_advanced.py::test_math_misc_coverage
  /Users/samuel/repos/ml-switcheroo-compiler/src/ml_switcheroo_compiler/backends/numpy/eager/math_advanced/math_bit.py:112: DeprecationWarning: In future, it will be an error for 'np.bool_' scalars to be interpreted as an index
    return np.array([bin(n).count("1") for n in x.flat]).reshape(x.shape)

tests/backends/numpy/eager/test_math_binary.py::test_math_binary_coverage
  /Library/Frameworks/Python.framework/Versions/3.9/lib/python3.9/site-packages/scipy/special/_basic.py:1585: RuntimeWarning: invalid value encountered in power
    fac2 = (-1.0)**(n+1) * gamma(n+1.0) * zeta(n+1, x)

tests/backends/numpy/eager/test_math_special.py::test_math_advanced_coverage
  /Users/samuel/repos/ml-switcheroo-compiler/src/ml_switcheroo_compiler/backends/numpy/eager/math_advanced/math_misc_ext.py:27: RuntimeWarning: invalid value encountered in divide
    return np.trunc(np.divide(x, y))

tests/backends/numpy/eager/test_math_special.py::test_math_advanced_coverage
tests/ops/misc/test_ops_math.py::test_extra_binary
  /Users/samuel/repos/ml-switcheroo-compiler/src/ml_switcheroo_compiler/backends/numpy/eager/math_nan.py:133: RuntimeWarning: divide by zero encountered in log
    res = np.where(x == 0.0, 0.0, x * np.log(y))

tests/backends/numpy/eager/test_math_special.py::test_math_advanced_coverage
tests/ops/misc/test_ops_math.py::test_extra_binary
  /Users/samuel/repos/ml-switcheroo-compiler/src/ml_switcheroo_compiler/backends/numpy/eager/math_nan.py:133: RuntimeWarning: invalid value encountered in multiply
    res = np.where(x == 0.0, 0.0, x * np.log(y))

tests/backends/numpy/math/test_math_special_auto.py::test__np_corrcoef
  /Library/Frameworks/Python.framework/Versions/3.9/lib/python3.9/site-packages/numpy/lib/function_base.py:2897: RuntimeWarning: invalid value encountered in divide
    c /= stddev[:, None]

tests/backends/numpy/misc/test_distributed.py::test_np_distributed_context
  /Library/Frameworks/Python.framework/Versions/3.9/lib/python3.9/site-packages/_pytest/threadexception.py:58: PytestUnhandledThreadExceptionWarning: Exception in thread Thread-3

  Traceback (most recent call last):
    File "/Library/Frameworks/Python.framework/Versions/3.9/lib/python3.9/threading.py", line 980, in _bootstrap_inner
      self.run()
    File "/Library/Frameworks/Python.framework/Versions/3.9/lib/python3.9/threading.py", line 917, in run
      self._target(*self._args, **self._kwargs)
    File "/Users/samuel/repos/ml-switcheroo-compiler/tests/backends/numpy/misc/test_distributed.py", line 40, in run_rank
      res1 = _np_all_reduce(np, t)
    File "/Users/samuel/repos/ml-switcheroo-compiler/src/ml_switcheroo_compiler/backends/numpy/eager/distributed.py", line 122, in _np_all_reduce
      all_tensors = _tcp_dist_ctx.all_gather_tensors(tensor)
    File "/Users/samuel/repos/ml-switcheroo-compiler/src/ml_switcheroo_compiler/backends/numpy/eager/distributed.py", line 80, in all_gather_tensors
      return self.conn.recv()  # type: ignore
    File "/Library/Frameworks/Python.framework/Versions/3.9/lib/python3.9/multiprocessing/connection.py", line 255, in recv
      buf = self._recv_bytes()
    File "/Library/Frameworks/Python.framework/Versions/3.9/lib/python3.9/multiprocessing/connection.py", line 419, in _recv_bytes
      buf = self._recv(4)
    File "/Library/Frameworks/Python.framework/Versions/3.9/lib/python3.9/multiprocessing/connection.py", line 388, in _recv
      raise EOFError
  EOFError

  Enable tracemalloc to get traceback where the object was allocated.
  See https://docs.pytest.org/en/stable/how-to/capture-warnings.html#resource-warnings for more info.
    warnings.warn(pytest.PytestUnhandledThreadExceptionWarning(msg))

tests/backends/numpy/misc/test_distributed.py::test_np_distributed_context
  /Library/Frameworks/Python.framework/Versions/3.9/lib/python3.9/site-packages/_pytest/threadexception.py:58: PytestUnhandledThreadExceptionWarning: Exception in thread Thread-2

  Traceback (most recent call last):
    File "/Library/Frameworks/Python.framework/Versions/3.9/lib/python3.9/threading.py", line 980, in _bootstrap_inner
      self.run()
    File "/Library/Frameworks/Python.framework/Versions/3.9/lib/python3.9/threading.py", line 917, in run
      self._target(*self._args, **self._kwargs)
    File "/Users/samuel/repos/ml-switcheroo-compiler/tests/backends/numpy/misc/test_distributed.py", line 40, in run_rank
      res1 = _np_all_reduce(np, t)
    File "/Users/samuel/repos/ml-switcheroo-compiler/src/ml_switcheroo_compiler/backends/numpy/eager/distributed.py", line 122, in _np_all_reduce
      all_tensors = _tcp_dist_ctx.all_gather_tensors(tensor)
    File "/Users/samuel/repos/ml-switcheroo-compiler/src/ml_switcheroo_compiler/backends/numpy/eager/distributed.py", line 80, in all_gather_tensors
      return self.conn.recv()  # type: ignore
    File "/Library/Frameworks/Python.framework/Versions/3.9/lib/python3.9/multiprocessing/connection.py", line 255, in recv
      buf = self._recv_bytes()
    File "/Library/Frameworks/Python.framework/Versions/3.9/lib/python3.9/multiprocessing/connection.py", line 419, in _recv_bytes
      buf = self._recv(4)
    File "/Library/Frameworks/Python.framework/Versions/3.9/lib/python3.9/multiprocessing/connection.py", line 388, in _recv
      raise EOFError
  EOFError

  Enable tracemalloc to get traceback where the object was allocated.
  See https://docs.pytest.org/en/stable/how-to/capture-warnings.html#resource-warnings for more info.
    warnings.warn(pytest.PytestUnhandledThreadExceptionWarning(msg))

tests/core/config/test_config_device.py::test_clear_cache
  /Users/samuel/repos/ml-switcheroo-compiler/tests/core/config/test_config_device.py:56: UserWarning: Active backend 'NumpyGenerator' does not support clear_cache()
    clear_cache()

tests/core/config/test_config_device.py::test_clear_cache
tests/test_foreign.py::test_generic_utils_stubs
tests/utils/test_generic_utils.py::test_other_stubs
  /Users/samuel/repos/ml-switcheroo-compiler/src/ml_switcheroo_compiler/core/config.py:277: UserWarning: Active backend 'NumpyGenerator' does not support clear_cache()
    clear_cache()

tests/core/config/test_config_device.py::test_clear_cache_try_except_extra
  /Users/samuel/repos/ml-switcheroo-compiler/tests/core/config/test_config_device.py:161: UserWarning: Active backend 'NumpyGenerator' does not support clear_cache()
    clear_cache()

tests/grad/test_autodiff_rules_math.py::test_unary_math_rules
tests/grad/test_more_math_coverage.py::test_remaining_unary
tests/grad/test_vjp_coverage4.py::test_jvp_unary
  /Users/samuel/repos/ml-switcheroo-compiler/src/ml_switcheroo_compiler/backends/numpy/eager/math_trig.py:62: RuntimeWarning: invalid value encountered in arccosh
    return backend_module.arccosh(*args, **kwargs)

tests/grad/test_grad_coverage.py::test_fallback_input
tests/grad/test_grad_coverage.py::test_get_inputs_dict_none_val
tests/grad/test_grad_coverage.py::test_backward_missing_output
tests/grad/test_grad_coverage.py::test_grad_missing_tensor_no_id
tests/grad/test_grad_coverage.py::test_grad_tensor_id_not_in_graph
tests/test_grad.py::test_backward_under_tracing
  /Users/samuel/repos/ml-switcheroo-compiler/src/ml_switcheroo_compiler/grad/utils.py:159: FutureWarning: `torch.distributed.reduce_op` is deprecated, please use `torch.distributed.ReduceOp` instead
    all_tensors = [obj for obj in gc.get_objects() if isinstance(obj, Tensor)]

tests/grad/test_grad_coverage.py::test_backward_missing_output
tests/grad/test_grad_coverage.py::test_grad_tensor_id_not_in_graph
tests/test_grad.py::test_backward_under_tracing
tests/test_grad.py::test_grad_missing_coverage
  /Users/samuel/repos/ml-switcheroo-compiler/src/ml_switcheroo_compiler/grad/utils.py:93: FutureWarning: `torch.distributed.reduce_op` is deprecated, please use `torch.distributed.ReduceOp` instead
    all_tensors = [obj for obj in gc.get_objects() if isinstance(obj, Tensor)]

tests/ops/autodiff/test_ops_jvp.py::test_all_ops_coverage
  /Users/samuel/repos/ml-switcheroo-compiler/src/ml_switcheroo_compiler/backends/numpy/eager/math_binary.py:274: RuntimeWarning: invalid value encountered in log
    return backend_module.log(x / (1.0 - x))

tests/ops/autodiff/test_ops_jvp.py::test_all_ops_coverage
  /Users/samuel/repos/ml-switcheroo-compiler/src/ml_switcheroo_compiler/backends/numpy/eager/math_trig.py:118: RuntimeWarning: invalid value encountered in arctanh
    return backend_module.arctanh(*args, **kwargs)

tests/ops/autodiff/test_ops_jvp.py::test_all_ops_coverage
  /Users/samuel/repos/ml-switcheroo-compiler/src/ml_switcheroo_compiler/backends/numpy/eager/math_trig.py:48: RuntimeWarning: invalid value encountered in arccos
    return backend_module.arccos(*args, **kwargs)

tests/ops/autodiff/test_ops_jvp.py::test_all_ops_coverage
  /Users/samuel/repos/ml-switcheroo-compiler/src/ml_switcheroo_compiler/backends/numpy/eager/math_trig.py:76: RuntimeWarning: invalid value encountered in arcsin
    return backend_module.arcsin(*args, **kwargs)

tests/ops/autodiff/test_ops_jvp.py::test_all_ops_coverage
  /Users/samuel/repos/ml-switcheroo-compiler/src/ml_switcheroo_compiler/backends/numpy/eager/math_logical.py:148: DeprecationWarning: Calling nonzero on 0d arrays is deprecated, as it behaves surprisingly. Use `atleast_1d(arr).nonzero()` if the old behavior was intended.
    return backend_module.where(*args, **kwargs)

tests/ops/autodiff/test_ops_jvp.py::test_all_ops_coverage
  /Library/Frameworks/Python.framework/Versions/3.9/lib/python3.9/site-packages/numpy/core/fromnumeric.py:45: DeprecationWarning: Calling nonzero on 0d arrays is deprecated, as it behaves surprisingly. Use `atleast_1d(arr).nonzero()` if the old behavior was intended.
    result = getattr(asarray(obj), method)(*args, **kwds)

tests/ops/autodiff/test_ops_jvp.py::test_all_ops_coverage
  /Library/Frameworks/Python.framework/Versions/3.9/lib/python3.9/site-packages/numpy/lib/function_base.py:2889: RuntimeWarning: Degrees of freedom <= 0 for slice
    c = cov(x, y, rowvar, dtype=dtype)

tests/ops/autodiff/test_ops_jvp.py::test_all_ops_coverage
  /Library/Frameworks/Python.framework/Versions/3.9/lib/python3.9/site-packages/numpy/lib/function_base.py:2748: RuntimeWarning: divide by zero encountered in divide
    c *= np.true_divide(1, fact)

tests/ops/autodiff/test_ops_jvp.py::test_all_ops_coverage
  /Library/Frameworks/Python.framework/Versions/3.9/lib/python3.9/site-packages/numpy/lib/function_base.py:2748: RuntimeWarning: invalid value encountered in multiply
    c *= np.true_divide(1, fact)

tests/ops/autodiff/test_ops_jvp.py::test_all_ops_coverage
  /Users/samuel/repos/ml-switcheroo-compiler/src/ml_switcheroo_compiler/backends/numpy/eager/math_stats.py:62: RuntimeWarning: Degrees of freedom <= 0 for slice
    return backend_module.cov(*args, **kwargs)

tests/ops/binary/test_binary.py::test_divide_no_nan
  /Users/samuel/repos/ml-switcheroo-compiler/src/ml_switcheroo_compiler/backends/numpy/eager/__init__.py:94: RuntimeWarning: divide by zero encountered in divide
    return func(*args, **kwargs)

tests/ops/misc/test_metrics_primitives.py::test_metrics_primitives_eager_backends
  /Library/Frameworks/Python.framework/Versions/3.9/lib/python3.9/site-packages/dask/array/core.py:1705: FutureWarning: The `numpy.trapz` function is not implemented by Dask array. You may want to use the da.map_blocks function or something similar to silence this warning. Your code may stop working in a future release.
    warnings.warn(

tests/ops/misc/test_ops_math.py::test_extra_unary
  /Users/samuel/repos/ml-switcheroo-compiler/src/ml_switcheroo_compiler/backends/numpy/eager/math_binary.py:274: RuntimeWarning: divide by zero encountered in divide
    return backend_module.log(x / (1.0 - x))

tests/ops/misc/test_ops_math.py::test_extra_unary
  /Users/samuel/repos/ml-switcheroo-compiler/src/ml_switcheroo_compiler/backends/numpy/eager/math_binary.py:274: RuntimeWarning: divide by zero encountered in log
    return backend_module.log(x / (1.0 - x))

tests/ops/serialization/test_npz.py::test_npz_load
  /Users/samuel/repos/ml-switcheroo-compiler/tests/ops/serialization/test_npz.py:12: UserWarning: Backend load_npz failed: . Falling back to default parse_npz.
    assert fmt.load("test.npz") == {"b": 2}

-- Docs: https://docs.pytest.org/en/stable/how-to/capture-warnings.html
================================ tests coverage ================================
_______________ coverage: platform darwin, python 3.9.13-final-0 _______________

Name    Stmts   Miss Branch BrPart  Cover   Missing
---------------------------------------------------
TOTAL   31663      0   6336      0   100%

498 files skipped due to complete coverage.
Required test coverage of 100% reached. Total coverage: 100.00%
================ 2957 passed, 6 skipped, 118 warnings in 49.23s ================
