{"/Users/samuel/repos/ml-switcheroo-compiler/tests_js/test_playground.js":{"path":"/Users/samuel/repos/ml-switcheroo-compiler/tests_js/test_playground.js","statementMap":{"0":{"start":{"line":1,"column":13},"end":{"line":1,"column":33}},"1":{"start":{"line":2,"column":15},"end":{"line":2,"column":37}},"2":{"start":{"line":3,"column":18},"end":{"line":3,"column":34}},"3":{"start":{"line":4,"column":11},"end":{"line":4,"column":24}},"4":{"start":{"line":5,"column":13},"end":{"line":5,"column":28}},"5":{"start":{"line":6,"column":12},"end":{"line":6,"column":31}},"6":{"start":{"line":8,"column":15},"end":{"line":8,"column":93}},"7":{"start":{"line":13,"column":8},"end":{"line":13,"column":24}},"8":{"start":{"line":16,"column":8},"end":{"line":16,"column":39}},"9":{"start":{"line":19,"column":8},"end":{"line":19,"column":43}},"10":{"start":{"line":25,"column":0},"end":{"line":32,"column":1}},"11":{"start":{"line":26,"column":15},"end":{"line":26,"column":56}},"12":{"start":{"line":27,"column":14},"end":{"line":27,"column":29}},"13":{"start":{"line":28,"column":4},"end":{"line":28,"column":21}},"14":{"start":{"line":29,"column":4},"end":{"line":29,"column":33}},"15":{"start":{"line":31,"column":4},"end":{"line":31,"column":57}},"16":{"start":{"line":34,"column":0},"end":{"line":37,"column":3}},"17":{"start":{"line":35,"column":17},"end":{"line":35,"column":69}},"18":{"start":{"line":36,"column":4},"end":{"line":36,"column":44}},"19":{"start":{"line":39,"column":0},"end":{"line":42,"column":3}},"20":{"start":{"line":40,"column":17},"end":{"line":40,"column":70}},"21":{"start":{"line":41,"column":4},"end":{"line":41,"column":55}},"22":{"start":{"line":44,"column":0},"end":{"line":65,"column":3}},"23":{"start":{"line":45,"column":16},"end":{"line":52,"column":6}},"24":{"start":{"line":53,"column":16},"end":{"line":53,"column":35}},"25":{"start":{"line":54,"column":20},"end":{"line":54,"column":37}},"26":{"start":{"line":55,"column":4},"end":{"line":55,"column":51}},"27":{"start":{"line":57,"column":16},"end":{"line":57,"column":26}},"28":{"start":{"line":58,"column":4},"end":{"line":58,"column":48}},"29":{"start":{"line":58,"column":28},"end":{"line":58,"column":46}},"30":{"start":{"line":60,"column":4},"end":{"line":60,"column":50}},"31":{"start":{"line":62,"column":19},"end":{"line":62,"column":53}},"32":{"start":{"line":63,"column":4},"end":{"line":63,"column":45}},"33":{"start":{"line":64,"column":4},"end":{"line":64,"column":79}},"34":{"start":{"line":67,"column":0},"end":{"line":89,"column":3}},"35":{"start":{"line":68,"column":16},"end":{"line":75,"column":6}},"36":{"start":{"line":76,"column":16},"end":{"line":76,"column":35}},"37":{"start":{"line":77,"column":20},"end":{"line":77,"column":37}},"38":{"start":{"line":79,"column":16},"end":{"line":79,"column":26}},"39":{"start":{"line":80,"column":4},"end":{"line":82,"column":6}},"40":{"start":{"line":81,"column":8},"end":{"line":81,"column":69}},"41":{"start":{"line":84,"column":4},"end":{"line":84,"column":50}},"42":{"start":{"line":86,"column":19},"end":{"line":86,"column":53}},"43":{"start":{"line":87,"column":4},"end":{"line":87,"column":45}},"44":{"start":{"line":88,"column":4},"end":{"line":88,"column":79}},"45":{"start":{"line":91,"column":0},"end":{"line":100,"column":3}},"46":{"start":{"line":92,"column":16},"end":{"line":97,"column":6}},"47":{"start":{"line":98,"column":4},"end":{"line":98,"column":72}},"48":{"start":{"line":99,"column":4},"end":{"line":99,"column":104}},"49":{"start":{"line":102,"column":0},"end":{"line":111,"column":3}},"50":{"start":{"line":103,"column":16},"end":{"line":108,"column":6}},"51":{"start":{"line":109,"column":4},"end":{"line":109,"column":72}},"52":{"start":{"line":110,"column":4},"end":{"line":110,"column":96}},"53":{"start":{"line":113,"column":0},"end":{"line":131,"column":3}},"54":{"start":{"line":114,"column":16},"end":{"line":116,"column":6}},"55":{"start":{"line":117,"column":16},"end":{"line":117,"column":35}},"56":{"start":{"line":118,"column":4},"end":{"line":118,"column":51}},"57":{"start":{"line":120,"column":22},"end":{"line":120,"column":54}},"58":{"start":{"line":121,"column":4},"end":{"line":121,"column":53}},"59":{"start":{"line":122,"column":4},"end":{"line":122,"column":72}},"60":{"start":{"line":124,"column":4},"end":{"line":124,"column":58}},"61":{"start":{"line":125,"column":4},"end":{"line":125,"column":53}},"62":{"start":{"line":126,"column":4},"end":{"line":126,"column":65}},"63":{"start":{"line":128,"column":4},"end":{"line":128,"column":39}},"64":{"start":{"line":129,"column":4},"end":{"line":129,"column":53}},"65":{"start":{"line":130,"column":4},"end":{"line":130,"column":50}},"66":{"start":{"line":133,"column":0},"end":{"line":149,"column":3}},"67":{"start":{"line":134,"column":16},"end":{"line":134,"column":72}},"68":{"start":{"line":135,"column":16},"end":{"line":142,"column":5}},"69":{"start":{"line":136,"column":34},"end":{"line":141,"column":9}},"70":{"start":{"line":138,"column":29},"end":{"line":140,"column":13}},"71":{"start":{"line":144,"column":20},"end":{"line":144,"column":75}},"72":{"start":{"line":145,"column":4},"end":{"line":145,"column":23}},"73":{"start":{"line":147,"column":21},"end":{"line":147,"column":76}},"74":{"start":{"line":148,"column":4},"end":{"line":148,"column":42}},"75":{"start":{"line":151,"column":0},"end":{"line":163,"column":3}},"76":{"start":{"line":152,"column":20},"end":{"line":159,"column":5}},"77":{"start":{"line":154,"column":12},"end":{"line":156,"column":13}},"78":{"start":{"line":155,"column":16},"end":{"line":155,"column":42}},"79":{"start":{"line":157,"column":12},"end":{"line":157,"column":50}},"80":{"start":{"line":161,"column":16},"end":{"line":161,"column":87}},"81":{"start":{"line":162,"column":4},"end":{"line":162,"column":48}},"82":{"start":{"line":165,"column":0},"end":{"line":173,"column":3}},"83":{"start":{"line":166,"column":20},"end":{"line":170,"column":5}},"84":{"start":{"line":168,"column":12},"end":{"line":168,"column":45}},"85":{"start":{"line":171,"column":16},"end":{"line":171,"column":87}},"86":{"start":{"line":172,"column":4},"end":{"line":172,"column":59}},"87":{"start":{"line":174,"column":0},"end":{"line":194,"column":3}},"88":{"start":{"line":175,"column":16},"end":{"line":187,"column":6}},"89":{"start":{"line":188,"column":16},"end":{"line":188,"column":26}},"90":{"start":{"line":189,"column":4},"end":{"line":189,"column":48}},"91":{"start":{"line":189,"column":28},"end":{"line":189,"column":46}},"92":{"start":{"line":191,"column":4},"end":{"line":193,"column":7}},"93":{"start":{"line":192,"column":8},"end":{"line":192,"column":85}},"94":{"start":{"line":196,"column":0},"end":{"line":215,"column":3}},"95":{"start":{"line":197,"column":24},"end":{"line":197,"column":107}},"96":{"start":{"line":198,"column":18},"end":{"line":198,"column":140}},"97":{"start":{"line":199,"column":24},"end":{"line":199,"column":65}},"98":{"start":{"line":201,"column":16},"end":{"line":205,"column":9}},"99":{"start":{"line":207,"column":20},"end":{"line":207,"column":59}},"100":{"start":{"line":208,"column":4},"end":{"line":210,"column":5}},"101":{"start":{"line":209,"column":8},"end":{"line":209,"column":86}},"102":{"start":{"line":214,"column":4},"end":{"line":214,"column":23}}},"fnMap":{"0":{"name":"(anonymous_0)","decl":{"start":{"line":12,"column":4},"end":{"line":12,"column":5}},"loc":{"start":{"line":12,"column":18},"end":{"line":14,"column":5}},"line":12},"1":{"name":"(anonymous_1)","decl":{"start":{"line":15,"column":4},"end":{"line":15,"column":5}},"loc":{"start":{"line":15,"column":17},"end":{"line":17,"column":5}},"line":15},"2":{"name":"(anonymous_2)","decl":{"start":{"line":18,"column":4},"end":{"line":18,"column":5}},"loc":{"start":{"line":18,"column":24},"end":{"line":20,"column":5}},"line":18},"3":{"name":"(anonymous_3)","decl":{"start":{"line":34,"column":46},"end":{"line":34,"column":47}},"loc":{"start":{"line":34,"column":52},"end":{"line":37,"column":1}},"line":34},"4":{"name":"(anonymous_4)","decl":{"start":{"line":39,"column":44},"end":{"line":39,"column":45}},"loc":{"start":{"line":39,"column":50},"end":{"line":42,"column":1}},"line":39},"5":{"name":"(anonymous_5)","decl":{"start":{"line":44,"column":36},"end":{"line":44,"column":37}},"loc":{"start":{"line":44,"column":42},"end":{"line":65,"column":1}},"line":44},"6":{"name":"(anonymous_6)","decl":{"start":{"line":58,"column":21},"end":{"line":58,"column":22}},"loc":{"start":{"line":58,"column":28},"end":{"line":58,"column":46}},"line":58},"7":{"name":"(anonymous_7)","decl":{"start":{"line":67,"column":53},"end":{"line":67,"column":54}},"loc":{"start":{"line":67,"column":59},"end":{"line":89,"column":1}},"line":67},"8":{"name":"(anonymous_8)","decl":{"start":{"line":80,"column":21},"end":{"line":80,"column":22}},"loc":{"start":{"line":80,"column":32},"end":{"line":82,"column":5}},"line":80},"9":{"name":"(anonymous_9)","decl":{"start":{"line":91,"column":62},"end":{"line":91,"column":63}},"loc":{"start":{"line":91,"column":68},"end":{"line":100,"column":1}},"line":91},"10":{"name":"(anonymous_10)","decl":{"start":{"line":102,"column":72},"end":{"line":102,"column":73}},"loc":{"start":{"line":102,"column":78},"end":{"line":111,"column":1}},"line":102},"11":{"name":"(anonymous_11)","decl":{"start":{"line":113,"column":53},"end":{"line":113,"column":54}},"loc":{"start":{"line":113,"column":59},"end":{"line":131,"column":1}},"line":113},"12":{"name":"(anonymous_12)","decl":{"start":{"line":133,"column":56},"end":{"line":133,"column":57}},"loc":{"start":{"line":133,"column":68},"end":{"line":149,"column":1}},"line":133},"13":{"name":"(anonymous_13)","decl":{"start":{"line":136,"column":21},"end":{"line":136,"column":22}},"loc":{"start":{"line":136,"column":34},"end":{"line":141,"column":9}},"line":136},"14":{"name":"(anonymous_14)","decl":{"start":{"line":137,"column":25},"end":{"line":137,"column":26}},"loc":{"start":{"line":137,"column":37},"end":{"line":137,"column":39}},"line":137},"15":{"name":"(anonymous_15)","decl":{"start":{"line":138,"column":22},"end":{"line":138,"column":23}},"loc":{"start":{"line":138,"column":29},"end":{"line":140,"column":13}},"line":138},"16":{"name":"(anonymous_16)","decl":{"start":{"line":139,"column":25},"end":{"line":139,"column":26}},"loc":{"start":{"line":139,"column":37},"end":{"line":139,"column":39}},"line":139},"17":{"name":"(anonymous_17)","decl":{"start":{"line":151,"column":38},"end":{"line":151,"column":39}},"loc":{"start":{"line":151,"column":44},"end":{"line":163,"column":1}},"line":151},"18":{"name":"(anonymous_18)","decl":{"start":{"line":153,"column":19},"end":{"line":153,"column":20}},"loc":{"start":{"line":153,"column":31},"end":{"line":158,"column":9}},"line":153},"19":{"name":"(anonymous_19)","decl":{"start":{"line":165,"column":34},"end":{"line":165,"column":35}},"loc":{"start":{"line":165,"column":40},"end":{"line":173,"column":1}},"line":165},"20":{"name":"(anonymous_20)","decl":{"start":{"line":167,"column":19},"end":{"line":167,"column":20}},"loc":{"start":{"line":167,"column":25},"end":{"line":169,"column":9}},"line":167},"21":{"name":"(anonymous_21)","decl":{"start":{"line":174,"column":52},"end":{"line":174,"column":53}},"loc":{"start":{"line":174,"column":58},"end":{"line":194,"column":1}},"line":174},"22":{"name":"(anonymous_22)","decl":{"start":{"line":189,"column":21},"end":{"line":189,"column":22}},"loc":{"start":{"line":189,"column":28},"end":{"line":189,"column":46}},"line":189},"23":{"name":"(anonymous_23)","decl":{"start":{"line":191,"column":24},"end":{"line":191,"column":25}},"loc":{"start":{"line":191,"column":30},"end":{"line":193,"column":5}},"line":191},"24":{"name":"(anonymous_24)","decl":{"start":{"line":196,"column":28},"end":{"line":196,"column":29}},"loc":{"start":{"line":196,"column":40},"end":{"line":215,"column":1}},"line":196}},"branchMap":{"0":{"loc":{"start":{"line":16,"column":15},"end":{"line":16,"column":38}},"type":"binary-expr","locations":[{"start":{"line":16,"column":15},"end":{"line":16,"column":30}},{"start":{"line":16,"column":34},"end":{"line":16,"column":38}}],"line":16},"1":{"loc":{"start":{"line":154,"column":12},"end":{"line":156,"column":13}},"type":"if","locations":[{"start":{"line":154,"column":12},"end":{"line":156,"column":13}},{"start":{},"end":{}}],"line":154},"2":{"loc":{"start":{"line":199,"column":24},"end":{"line":199,"column":65}},"type":"cond-expr","locations":[{"start":{"line":199,"column":32},"end":{"line":199,"column":60}},{"start":{"line":199,"column":63},"end":{"line":199,"column":65}}],"line":199},"3":{"loc":{"start":{"line":208,"column":4},"end":{"line":210,"column":5}},"type":"if","locations":[{"start":{"line":208,"column":4},"end":{"line":210,"column":5}},{"start":{},"end":{}}],"line":208}},"s":{"0":1,"1":1,"2":1,"3":1,"4":1,"5":1,"6":1,"7":3,"8":3,"9":1,"10":1,"11":1,"12":1,"13":1,"14":1,"15":0,"16":1,"17":1,"18":1,"19":1,"20":1,"21":1,"22":1,"23":1,"24":1,"25":1,"26":1,"27":1,"28":1,"29":1,"30":1,"31":1,"32":1,"33":1,"34":1,"35":1,"36":1,"37":1,"38":1,"39":1,"40":1,"41":1,"42":1,"43":1,"44":1,"45":1,"46":1,"47":1,"48":1,"49":1,"50":1,"51":1,"52":1,"53":1,"54":1,"55":1,"56":1,"57":1,"58":1,"59":1,"60":1,"61":1,"62":1,"63":1,"64":1,"65":1,"66":1,"67":1,"68":1,"69":1,"70":1,"71":1,"72":1,"73":1,"74":1,"75":1,"76":1,"77":1,"78":1,"79":0,"80":1,"81":1,"82":1,"83":1,"84":1,"85":1,"86":1,"87":1,"88":1,"89":1,"90":1,"91":1,"92":1,"93":1,"94":1,"95":1,"96":1,"97":1,"98":1,"99":1,"100":1,"101":0,"102":1},"f":{"0":3,"1":3,"2":1,"3":1,"4":1,"5":1,"6":1,"7":1,"8":1,"9":1,"10":1,"11":1,"12":1,"13":1,"14":1,"15":1,"16":3,"17":1,"18":1,"19":1,"20":1,"21":1,"22":1,"23":1,"24":1},"b":{"0":[3,2],"1":[1,0],"2":[1,0],"3":[0,1]},"_coverageSchema":"1a1c01bbd47fc00a2c39e90264f33305004495a9","hash":"5b3fe9233e2c789696bc9e16573f7f4090f44a59","contentHash":"5607183d81a5f9854d1c732c7dcc62ac23fc672e849d0fb11cb4271b9b48c221"}}