{"/Users/samuel/repos/ml-switcheroo-compiler/tests_js/test_wasm.js":{"path":"/Users/samuel/repos/ml-switcheroo-compiler/tests_js/test_wasm.js","statementMap":{"0":{"start":{"line":1,"column":13},"end":{"line":1,"column":33}},"1":{"start":{"line":2,"column":15},"end":{"line":2,"column":37}},"2":{"start":{"line":3,"column":11},"end":{"line":3,"column":24}},"3":{"start":{"line":4,"column":13},"end":{"line":4,"column":28}},"4":{"start":{"line":6,"column":15},"end":{"line":6,"column":94}},"5":{"start":{"line":9,"column":0},"end":{"line":16,"column":1}},"6":{"start":{"line":10,"column":15},"end":{"line":10,"column":56}},"7":{"start":{"line":11,"column":14},"end":{"line":11,"column":29}},"8":{"start":{"line":12,"column":4},"end":{"line":12,"column":21}},"9":{"start":{"line":13,"column":4},"end":{"line":13,"column":27}},"10":{"start":{"line":15,"column":4},"end":{"line":15,"column":51}},"11":{"start":{"line":18,"column":0},"end":{"line":22,"column":3}},"12":{"start":{"line":19,"column":19},"end":{"line":19,"column":50}},"13":{"start":{"line":20,"column":4},"end":{"line":20,"column":92}},"14":{"start":{"line":20,"column":24},"end":{"line":20,"column":70}},"15":{"start":{"line":21,"column":4},"end":{"line":21,"column":93}},"16":{"start":{"line":21,"column":24},"end":{"line":21,"column":71}},"17":{"start":{"line":24,"column":0},"end":{"line":28,"column":3}},"18":{"start":{"line":25,"column":19},"end":{"line":25,"column":50}},"19":{"start":{"line":26,"column":4},"end":{"line":26,"column":78}},"20":{"start":{"line":26,"column":30},"end":{"line":26,"column":76}},"21":{"start":{"line":27,"column":4},"end":{"line":27,"column":78}},"22":{"start":{"line":27,"column":30},"end":{"line":27,"column":76}},"23":{"start":{"line":30,"column":0},"end":{"line":64,"column":3}},"24":{"start":{"line":31,"column":23},"end":{"line":31,"column":61}},"25":{"start":{"line":34,"column":32},"end":{"line":34,"column":55}},"26":{"start":{"line":36,"column":4},"end":{"line":52,"column":6}},"27":{"start":{"line":37,"column":8},"end":{"line":51,"column":10}},"28":{"start":{"line":43,"column":43},"end":{"line":43,"column":78}},"29":{"start":{"line":44,"column":24},"end":{"line":47,"column":25}},"30":{"start":{"line":44,"column":35},"end":{"line":44,"column":36}},"31":{"start":{"line":45,"column":40},"end":{"line":45,"column":69}},"32":{"start":{"line":46,"column":28},"end":{"line":46,"column":69}},"33":{"start":{"line":54,"column":22},"end":{"line":54,"column":52}},"34":{"start":{"line":55,"column":19},"end":{"line":55,"column":82}},"35":{"start":{"line":57,"column":4},"end":{"line":57,"column":41}},"36":{"start":{"line":58,"column":4},"end":{"line":58,"column":38}},"37":{"start":{"line":59,"column":4},"end":{"line":59,"column":38}},"38":{"start":{"line":60,"column":4},"end":{"line":60,"column":38}},"39":{"start":{"line":63,"column":4},"end":{"line":63,"column":50}},"40":{"start":{"line":66,"column":0},"end":{"line":77,"column":3}},"41":{"start":{"line":67,"column":32},"end":{"line":67,"column":55}},"42":{"start":{"line":68,"column":4},"end":{"line":70,"column":7}},"43":{"start":{"line":68,"column":43},"end":{"line":70,"column":5}},"44":{"start":{"line":72,"column":4},"end":{"line":75,"column":6}},"45":{"start":{"line":73,"column":14},"end":{"line":73,"column":81}},"46":{"start":{"line":76,"column":4},"end":{"line":76,"column":50}},"47":{"start":{"line":79,"column":0},"end":{"line":90,"column":3}},"48":{"start":{"line":80,"column":32},"end":{"line":80,"column":55}},"49":{"start":{"line":81,"column":4},"end":{"line":83,"column":7}},"50":{"start":{"line":81,"column":43},"end":{"line":83,"column":5}},"51":{"start":{"line":85,"column":4},"end":{"line":88,"column":6}},"52":{"start":{"line":86,"column":14},"end":{"line":86,"column":81}},"53":{"start":{"line":89,"column":4},"end":{"line":89,"column":50}}},"fnMap":{"0":{"name":"(anonymous_0)","decl":{"start":{"line":18,"column":47},"end":{"line":18,"column":48}},"loc":{"start":{"line":18,"column":53},"end":{"line":22,"column":1}},"line":18},"1":{"name":"(anonymous_1)","decl":{"start":{"line":20,"column":18},"end":{"line":20,"column":19}},"loc":{"start":{"line":20,"column":24},"end":{"line":20,"column":70}},"line":20},"2":{"name":"(anonymous_2)","decl":{"start":{"line":21,"column":18},"end":{"line":21,"column":19}},"loc":{"start":{"line":21,"column":24},"end":{"line":21,"column":71}},"line":21},"3":{"name":"(anonymous_3)","decl":{"start":{"line":24,"column":45},"end":{"line":24,"column":46}},"loc":{"start":{"line":24,"column":51},"end":{"line":28,"column":1}},"line":24},"4":{"name":"(anonymous_4)","decl":{"start":{"line":26,"column":24},"end":{"line":26,"column":25}},"loc":{"start":{"line":26,"column":30},"end":{"line":26,"column":76}},"line":26},"5":{"name":"(anonymous_5)","decl":{"start":{"line":27,"column":24},"end":{"line":27,"column":25}},"loc":{"start":{"line":27,"column":30},"end":{"line":27,"column":76}},"line":27},"6":{"name":"(anonymous_6)","decl":{"start":{"line":30,"column":38},"end":{"line":30,"column":39}},"loc":{"start":{"line":30,"column":50},"end":{"line":64,"column":1}},"line":30},"7":{"name":"(anonymous_7)","decl":{"start":{"line":36,"column":30},"end":{"line":36,"column":31}},"loc":{"start":{"line":36,"column":42},"end":{"line":52,"column":5}},"line":36},"8":{"name":"(anonymous_8)","decl":{"start":{"line":41,"column":29},"end":{"line":41,"column":30}},"loc":{"start":{"line":41,"column":73},"end":{"line":48,"column":21}},"line":41},"9":{"name":"(anonymous_9)","decl":{"start":{"line":66,"column":52},"end":{"line":66,"column":53}},"loc":{"start":{"line":66,"column":64},"end":{"line":77,"column":1}},"line":66},"10":{"name":"(anonymous_10)","decl":{"start":{"line":68,"column":30},"end":{"line":68,"column":31}},"loc":{"start":{"line":68,"column":43},"end":{"line":70,"column":5}},"line":68},"11":{"name":"(anonymous_11)","decl":{"start":{"line":69,"column":40},"end":{"line":69,"column":41}},"loc":{"start":{"line":69,"column":46},"end":{"line":69,"column":48}},"line":69},"12":{"name":"(anonymous_12)","decl":{"start":{"line":73,"column":8},"end":{"line":73,"column":9}},"loc":{"start":{"line":73,"column":14},"end":{"line":73,"column":81}},"line":73},"13":{"name":"(anonymous_13)","decl":{"start":{"line":79,"column":53},"end":{"line":79,"column":54}},"loc":{"start":{"line":79,"column":65},"end":{"line":90,"column":1}},"line":79},"14":{"name":"(anonymous_14)","decl":{"start":{"line":81,"column":30},"end":{"line":81,"column":31}},"loc":{"start":{"line":81,"column":43},"end":{"line":83,"column":5}},"line":81},"15":{"name":"(anonymous_15)","decl":{"start":{"line":86,"column":8},"end":{"line":86,"column":9}},"loc":{"start":{"line":86,"column":14},"end":{"line":86,"column":81}},"line":86}},"branchMap":{},"s":{"0":1,"1":1,"2":1,"3":1,"4":1,"5":1,"6":1,"7":1,"8":1,"9":1,"10":0,"11":1,"12":1,"13":1,"14":1,"15":1,"16":1,"17":1,"18":1,"19":1,"20":1,"21":1,"22":1,"23":1,"24":1,"25":1,"26":1,"27":1,"28":1,"29":1,"30":1,"31":3,"32":3,"33":1,"34":1,"35":1,"36":1,"37":1,"38":1,"39":1,"40":1,"41":1,"42":1,"43":1,"44":1,"45":1,"46":1,"47":1,"48":1,"49":1,"50":1,"51":1,"52":1,"53":1},"f":{"0":1,"1":1,"2":1,"3":1,"4":1,"5":1,"6":1,"7":1,"8":1,"9":1,"10":1,"11":0,"12":1,"13":1,"14":1,"15":1},"b":{},"_coverageSchema":"1a1c01bbd47fc00a2c39e90264f33305004495a9","hash":"993d0fdee5851a57e48d7f8bf356ab24c5d49632","contentHash":"5aa41cada9f710b5341f8bc01d767b8abd576881390a6865ed4303781c397ffc"}}